{"/Users/stevenekahalim/apex-assistant/src/v3/contextLoader.js": {"path":"/Users/stevenekahalim/apex-assistant/src/v3/contextLoader.js","statementMap":{"0":{"start":{"line":7,"column":15},"end":{"line":7,"column":41}},"1":{"start":{"line":11,"column":4},"end":{"line":11,"column":47}},"2":{"start":{"line":25,"column":8},"end":{"line":25,"column":15}},"3":{"start":{"line":27,"column":4},"end":{"line":27,"column":58}},"4":{"start":{"line":29,"column":4},"end":{"line":68,"column":5}},"5":{"start":{"line":31,"column":27},"end":{"line":33,"column":7}},"6":{"start":{"line":36,"column":6},"end":{"line":38,"column":7}},"7":{"start":{"line":37,"column":8},"end":{"line":37,"column":63}},"8":{"start":{"line":40,"column":22},"end":{"line":40,"column":53}},"9":{"start":{"line":41,"column":36},"end":{"line":41,"column":43}},"10":{"start":{"line":43,"column":22},"end":{"line":51,"column":7}},"11":{"start":{"line":54,"column":6},"end":{"line":59,"column":7}},"12":{"start":{"line":55,"column":8},"end":{"line":58,"column":10}},"13":{"start":{"line":61,"column":6},"end":{"line":61,"column":121}},"14":{"start":{"line":63,"column":6},"end":{"line":63,"column":21}},"15":{"start":{"line":66,"column":6},"end":{"line":66,"column":55}},"16":{"start":{"line":67,"column":6},"end":{"line":67,"column":18}},"17":{"start":{"line":76,"column":4},"end":{"line":104,"column":5}},"18":{"start":{"line":78,"column":6},"end":{"line":78,"column":71}},"19":{"start":{"line":80,"column":30},"end":{"line":83,"column":41}},"20":{"start":{"line":85,"column":6},"end":{"line":85,"column":29}},"21":{"start":{"line":85,"column":17},"end":{"line":85,"column":29}},"22":{"start":{"line":88,"column":28},"end":{"line":97,"column":9}},"23":{"start":{"line":88,"column":45},"end":{"line":97,"column":7}},"24":{"start":{"line":99,"column":6},"end":{"line":99,"column":110}},"25":{"start":{"line":100,"column":6},"end":{"line":100,"column":27}},"26":{"start":{"line":102,"column":6},"end":{"line":102,"column":59}},"27":{"start":{"line":103,"column":6},"end":{"line":103,"column":16}},"28":{"start":{"line":112,"column":16},"end":{"line":112,"column":26}},"29":{"start":{"line":113,"column":23},"end":{"line":113,"column":90}},"30":{"start":{"line":115,"column":4},"end":{"line":130,"column":5}},"31":{"start":{"line":116,"column":30},"end":{"line":121,"column":48}},"32":{"start":{"line":123,"column":6},"end":{"line":123,"column":29}},"33":{"start":{"line":123,"column":17},"end":{"line":123,"column":29}},"34":{"start":{"line":125,"column":6},"end":{"line":125,"column":78}},"35":{"start":{"line":126,"column":6},"end":{"line":126,"column":24}},"36":{"start":{"line":128,"column":6},"end":{"line":128,"column":79}},"37":{"start":{"line":129,"column":6},"end":{"line":129,"column":16}},"38":{"start":{"line":142,"column":4},"end":{"line":157,"column":5}},"39":{"start":{"line":143,"column":30},"end":{"line":149,"column":48}},"40":{"start":{"line":151,"column":6},"end":{"line":151,"column":29}},"41":{"start":{"line":151,"column":17},"end":{"line":151,"column":29}},"42":{"start":{"line":153,"column":6},"end":{"line":153,"column":24}},"43":{"start":{"line":155,"column":6},"end":{"line":155,"column":81}},"44":{"start":{"line":156,"column":6},"end":{"line":156,"column":16}},"45":{"start":{"line":166,"column":4},"end":{"line":181,"column":5}},"46":{"start":{"line":167,"column":42},"end":{"line":170,"column":8}},"47":{"start":{"line":172,"column":6},"end":{"line":177,"column":8}},"48":{"start":{"line":179,"column":6},"end":{"line":179,"column":69}},"49":{"start":{"line":180,"column":6},"end":{"line":180,"column":18}},"50":{"start":{"line":185,"column":29},"end":{"line":188,"column":28}},"51":{"start":{"line":190,"column":4},"end":{"line":190,"column":34}},"52":{"start":{"line":194,"column":29},"end":{"line":197,"column":28}},"53":{"start":{"line":199,"column":4},"end":{"line":199,"column":34}},"54":{"start":{"line":203,"column":0},"end":{"line":203,"column":31}}},"fnMap":{"0":{"name":"(anonymous_0)","decl":{"start":{"line":10,"column":2},"end":{"line":10,"column":3}},"loc":{"start":{"line":10,"column":30},"end":{"line":12,"column":3}},"line":10},"1":{"name":"(anonymous_1)","decl":{"start":{"line":20,"column":2},"end":{"line":20,"column":3}},"loc":{"start":{"line":20,"column":46},"end":{"line":69,"column":3}},"line":20},"2":{"name":"(anonymous_2)","decl":{"start":{"line":75,"column":2},"end":{"line":75,"column":3}},"loc":{"start":{"line":75,"column":53},"end":{"line":105,"column":3}},"line":75},"3":{"name":"(anonymous_3)","decl":{"start":{"line":88,"column":37},"end":{"line":88,"column":38}},"loc":{"start":{"line":88,"column":45},"end":{"line":97,"column":7}},"line":88},"4":{"name":"(anonymous_4)","decl":{"start":{"line":111,"column":2},"end":{"line":111,"column":3}},"loc":{"start":{"line":111,"column":39},"end":{"line":131,"column":3}},"line":111},"5":{"name":"(anonymous_5)","decl":{"start":{"line":141,"column":2},"end":{"line":141,"column":3}},"loc":{"start":{"line":141,"column":60},"end":{"line":158,"column":3}},"line":141},"6":{"name":"(anonymous_6)","decl":{"start":{"line":165,"column":2},"end":{"line":165,"column":3}},"loc":{"start":{"line":165,"column":29},"end":{"line":182,"column":3}},"line":165},"7":{"name":"(anonymous_7)","decl":{"start":{"line":184,"column":2},"end":{"line":184,"column":3}},"loc":{"start":{"line":184,"column":31},"end":{"line":191,"column":3}},"line":184},"8":{"name":"(anonymous_8)","decl":{"start":{"line":193,"column":2},"end":{"line":193,"column":3}},"loc":{"start":{"line":193,"column":34},"end":{"line":200,"column":3}},"line":193}},"branchMap":{"0":{"loc":{"start":{"line":20,"column":32},"end":{"line":20,"column":44}},"type":"default-arg","locations":[{"start":{"line":20,"column":42},"end":{"line":20,"column":44}}],"line":20},"1":{"loc":{"start":{"line":22,"column":6},"end":{"line":22,"column":28}},"type":"default-arg","locations":[{"start":{"line":22,"column":24},"end":{"line":22,"column":28}}],"line":22},"2":{"loc":{"start":{"line":23,"column":6},"end":{"line":23,"column":25}},"type":"default-arg","locations":[{"start":{"line":23,"column":21},"end":{"line":23,"column":25}}],"line":23},"3":{"loc":{"start":{"line":24,"column":6},"end":{"line":24,"column":29}},"type":"default-arg","locations":[{"start":{"line":24,"column":25},"end":{"line":24,"column":29}}],"line":24},"4":{"loc":{"start":{"line":36,"column":6},"end":{"line":38,"column":7}},"type":"if","locations":[{"start":{"line":36,"column":6},"end":{"line":38,"column":7}},{"start":{},"end":{}}],"line":36},"5":{"loc":{"start":{"line":54,"column":6},"end":{"line":59,"column":7}},"type":"if","locations":[{"start":{"line":54,"column":6},"end":{"line":59,"column":7}},{"start":{},"end":{}}],"line":54},"6":{"loc":{"start":{"line":54,"column":10},"end":{"line":54,"column":39}},"type":"binary-expr","locations":[{"start":{"line":54,"column":10},"end":{"line":54,"column":26}},{"start":{"line":54,"column":30},"end":{"line":54,"column":39}}],"line":54},"7":{"loc":{"start":{"line":61,"column":68},"end":{"line":61,"column":100}},"type":"cond-expr","locations":[{"start":{"line":61,"column":80},"end":{"line":61,"column":96}},{"start":{"line":61,"column":99},"end":{"line":61,"column":100}}],"line":61},"8":{"loc":{"start":{"line":85,"column":6},"end":{"line":85,"column":29}},"type":"if","locations":[{"start":{"line":85,"column":6},"end":{"line":85,"column":29}},{"start":{},"end":{}}],"line":85},"9":{"loc":{"start":{"line":91,"column":14},"end":{"line":91,"column":28}},"type":"binary-expr","locations":[{"start":{"line":91,"column":14},"end":{"line":91,"column":22}},{"start":{"line":91,"column":26},"end":{"line":91,"column":28}}],"line":91},"10":{"loc":{"start":{"line":123,"column":6},"end":{"line":123,"column":29}},"type":"if","locations":[{"start":{"line":123,"column":6},"end":{"line":123,"column":29}},{"start":{},"end":{}}],"line":123},"11":{"loc":{"start":{"line":125,"column":28},"end":{"line":125,"column":50}},"type":"cond-expr","locations":[{"start":{"line":125,"column":35},"end":{"line":125,"column":46}},{"start":{"line":125,"column":49},"end":{"line":125,"column":50}}],"line":125},"12":{"loc":{"start":{"line":126,"column":13},"end":{"line":126,"column":23}},"type":"binary-expr","locations":[{"start":{"line":126,"column":13},"end":{"line":126,"column":17}},{"start":{"line":126,"column":21},"end":{"line":126,"column":23}}],"line":126},"13":{"loc":{"start":{"line":151,"column":6},"end":{"line":151,"column":29}},"type":"if","locations":[{"start":{"line":151,"column":6},"end":{"line":151,"column":29}},{"start":{},"end":{}}],"line":151},"14":{"loc":{"start":{"line":153,"column":13},"end":{"line":153,"column":23}},"type":"binary-expr","locations":[{"start":{"line":153,"column":13},"end":{"line":153,"column":17}},{"start":{"line":153,"column":21},"end":{"line":153,"column":23}}],"line":153},"15":{"loc":{"start":{"line":190,"column":11},"end":{"line":190,"column":33}},"type":"cond-expr","locations":[{"start":{"line":190,"column":19},"end":{"line":190,"column":20}},{"start":{"line":190,"column":23},"end":{"line":190,"column":33}}],"line":190},"16":{"loc":{"start":{"line":190,"column":23},"end":{"line":190,"column":33}},"type":"binary-expr","locations":[{"start":{"line":190,"column":23},"end":{"line":190,"column":28}},{"start":{"line":190,"column":32},"end":{"line":190,"column":33}}],"line":190},"17":{"loc":{"start":{"line":199,"column":11},"end":{"line":199,"column":33}},"type":"cond-expr","locations":[{"start":{"line":199,"column":19},"end":{"line":199,"column":20}},{"start":{"line":199,"column":23},"end":{"line":199,"column":33}}],"line":199},"18":{"loc":{"start":{"line":199,"column":23},"end":{"line":199,"column":33}},"type":"binary-expr","locations":[{"start":{"line":199,"column":23},"end":{"line":199,"column":28}},{"start":{"line":199,"column":32},"end":{"line":199,"column":33}}],"line":199}},"s":{"0":0,"1":0,"2":0,"3":0,"4":0,"5":0,"6":0,"7":0,"8":0,"9":0,"10":0,"11":0,"12":0,"13":0,"14":0,"15":0,"16":0,"17":0,"18":0,"19":0,"20":0,"21":0,"22":0,"23":0,"24":0,"25":0,"26":0,"27":0,"28":0,"29":0,"30":0,"31":0,"32":0,"33":0,"34":0,"35":0,"36":0,"37":0,"38":0,"39":0,"40":0,"41":0,"42":0,"43":0,"44":0,"45":0,"46":0,"47":0,"48":0,"49":0,"50":0,"51":0,"52":0,"53":0,"54":0},"f":{"0":0,"1":0,"2":0,"3":0,"4":0,"5":0,"6":0,"7":0,"8":0},"b":{"0":[0],"1":[0],"2":[0],"3":[0],"4":[0,0],"5":[0,0],"6":[0,0],"7":[0,0],"8":[0,0],"9":[0,0],"10":[0,0],"11":[0,0],"12":[0,0],"13":[0,0],"14":[0,0],"15":[0,0],"16":[0,0],"17":[0,0],"18":[0,0]}}
,"/Users/stevenekahalim/apex-assistant/src/v3/dailyUpdatesJob.js": {"path":"/Users/stevenekahalim/apex-assistant/src/v3/dailyUpdatesJob.js","statementMap":{"0":{"start":{"line":7,"column":18},"end":{"line":7,"column":46}},"1":{"start":{"line":8,"column":13},"end":{"line":8,"column":33}},"2":{"start":{"line":9,"column":15},"end":{"line":9,"column":41}},"3":{"start":{"line":10,"column":28},"end":{"line":10,"column":61}},"4":{"start":{"line":14,"column":4},"end":{"line":14,"column":47}},"5":{"start":{"line":15,"column":4},"end":{"line":15,"column":41}},"6":{"start":{"line":17,"column":4},"end":{"line":19,"column":7}},"7":{"start":{"line":22,"column":4},"end":{"line":22,"column":46}},"8":{"start":{"line":23,"column":4},"end":{"line":23,"column":51}},"9":{"start":{"line":25,"column":4},"end":{"line":25,"column":27}},"10":{"start":{"line":26,"column":4},"end":{"line":26,"column":29}},"11":{"start":{"line":27,"column":4},"end":{"line":27,"column":27}},"12":{"start":{"line":34,"column":4},"end":{"line":34,"column":69}},"13":{"start":{"line":37,"column":4},"end":{"line":39,"column":7}},"14":{"start":{"line":38,"column":6},"end":{"line":38,"column":37}},"15":{"start":{"line":42,"column":4},"end":{"line":44,"column":7}},"16":{"start":{"line":43,"column":6},"end":{"line":43,"column":39}},"17":{"start":{"line":46,"column":4},"end":{"line":46,"column":92}},"18":{"start":{"line":53,"column":4},"end":{"line":55,"column":5}},"19":{"start":{"line":54,"column":6},"end":{"line":54,"column":29}},"20":{"start":{"line":56,"column":4},"end":{"line":58,"column":5}},"21":{"start":{"line":57,"column":6},"end":{"line":57,"column":31}},"22":{"start":{"line":59,"column":4},"end":{"line":59,"column":48}},"23":{"start":{"line":66,"column":4},"end":{"line":69,"column":5}},"24":{"start":{"line":67,"column":6},"end":{"line":67,"column":78}},"25":{"start":{"line":68,"column":6},"end":{"line":68,"column":13}},"26":{"start":{"line":71,"column":4},"end":{"line":71,"column":26}},"27":{"start":{"line":73,"column":4},"end":{"line":101,"column":5}},"28":{"start":{"line":74,"column":6},"end":{"line":74,"column":69}},"29":{"start":{"line":77,"column":22},"end":{"line":77,"column":54}},"30":{"start":{"line":80,"column":6},"end":{"line":84,"column":7}},"31":{"start":{"line":81,"column":8},"end":{"line":81,"column":86}},"32":{"start":{"line":82,"column":8},"end":{"line":82,"column":31}},"33":{"start":{"line":83,"column":8},"end":{"line":83,"column":15}},"34":{"start":{"line":87,"column":21},"end":{"line":87,"column":67}},"35":{"start":{"line":90,"column":6},"end":{"line":95,"column":7}},"36":{"start":{"line":91,"column":8},"end":{"line":91,"column":40}},"37":{"start":{"line":92,"column":8},"end":{"line":92,"column":61}},"38":{"start":{"line":94,"column":8},"end":{"line":94,"column":84}},"39":{"start":{"line":98,"column":6},"end":{"line":98,"column":70}},"40":{"start":{"line":100,"column":6},"end":{"line":100,"column":29}},"41":{"start":{"line":108,"column":4},"end":{"line":111,"column":5}},"42":{"start":{"line":109,"column":6},"end":{"line":109,"column":80}},"43":{"start":{"line":110,"column":6},"end":{"line":110,"column":13}},"44":{"start":{"line":113,"column":4},"end":{"line":113,"column":26}},"45":{"start":{"line":115,"column":4},"end":{"line":143,"column":5}},"46":{"start":{"line":116,"column":6},"end":{"line":116,"column":71}},"47":{"start":{"line":119,"column":22},"end":{"line":119,"column":56}},"48":{"start":{"line":122,"column":6},"end":{"line":126,"column":7}},"49":{"start":{"line":123,"column":8},"end":{"line":123,"column":85}},"50":{"start":{"line":124,"column":8},"end":{"line":124,"column":31}},"51":{"start":{"line":125,"column":8},"end":{"line":125,"column":15}},"52":{"start":{"line":129,"column":21},"end":{"line":129,"column":69}},"53":{"start":{"line":132,"column":6},"end":{"line":137,"column":7}},"54":{"start":{"line":133,"column":8},"end":{"line":133,"column":40}},"55":{"start":{"line":134,"column":8},"end":{"line":134,"column":63}},"56":{"start":{"line":136,"column":8},"end":{"line":136,"column":86}},"57":{"start":{"line":140,"column":6},"end":{"line":140,"column":72}},"58":{"start":{"line":142,"column":6},"end":{"line":142,"column":29}},"59":{"start":{"line":151,"column":4},"end":{"line":194,"column":5}},"60":{"start":{"line":154,"column":18},"end":{"line":154,"column":28}},"61":{"start":{"line":155,"column":31},"end":{"line":155,"column":44}},"62":{"start":{"line":158,"column":6},"end":{"line":158,"column":48}},"63":{"start":{"line":161,"column":6},"end":{"line":163,"column":7}},"64":{"start":{"line":162,"column":8},"end":{"line":162,"column":71}},"65":{"start":{"line":165,"column":50},"end":{"line":170,"column":48}},"66":{"start":{"line":172,"column":6},"end":{"line":172,"column":35}},"67":{"start":{"line":172,"column":20},"end":{"line":172,"column":35}},"68":{"start":{"line":175,"column":27},"end":{"line":175,"column":37}},"69":{"start":{"line":176,"column":6},"end":{"line":176,"column":55}},"70":{"start":{"line":178,"column":49},"end":{"line":182,"column":41}},"71":{"start":{"line":184,"column":6},"end":{"line":184,"column":33}},"72":{"start":{"line":184,"column":19},"end":{"line":184,"column":33}},"73":{"start":{"line":186,"column":6},"end":{"line":189,"column":8}},"74":{"start":{"line":192,"column":6},"end":{"line":192,"column":76}},"75":{"start":{"line":193,"column":6},"end":{"line":193,"column":44}},"76":{"start":{"line":202,"column":4},"end":{"line":233,"column":5}},"77":{"start":{"line":205,"column":18},"end":{"line":205,"column":28}},"78":{"start":{"line":206,"column":29},"end":{"line":206,"column":42}},"79":{"start":{"line":209,"column":6},"end":{"line":209,"column":45}},"80":{"start":{"line":212,"column":6},"end":{"line":214,"column":7}},"81":{"start":{"line":213,"column":8},"end":{"line":213,"column":67}},"82":{"start":{"line":216,"column":40},"end":{"line":221,"column":48}},"83":{"start":{"line":223,"column":6},"end":{"line":223,"column":29}},"84":{"start":{"line":223,"column":17},"end":{"line":223,"column":29}},"85":{"start":{"line":225,"column":6},"end":{"line":228,"column":8}},"86":{"start":{"line":231,"column":6},"end":{"line":231,"column":78}},"87":{"start":{"line":232,"column":6},"end":{"line":232,"column":44}},"88":{"start":{"line":241,"column":4},"end":{"line":290,"column":5}},"89":{"start":{"line":243,"column":27},"end":{"line":249,"column":19}},"90":{"start":{"line":244,"column":21},"end":{"line":247,"column":10}},"91":{"start":{"line":248,"column":8},"end":{"line":248,"column":63}},"92":{"start":{"line":252,"column":21},"end":{"line":254,"column":19}},"93":{"start":{"line":253,"column":8},"end":{"line":253,"column":94}},"94":{"start":{"line":257,"column":19},"end":{"line":257,"column":47}},"95":{"start":{"line":258,"column":6},"end":{"line":258,"column":51}},"96":{"start":{"line":260,"column":6},"end":{"line":262,"column":7}},"97":{"start":{"line":261,"column":8},"end":{"line":261,"column":73}},"98":{"start":{"line":264,"column":6},"end":{"line":266,"column":7}},"99":{"start":{"line":265,"column":8},"end":{"line":265,"column":52}},"100":{"start":{"line":268,"column":6},"end":{"line":268,"column":96}},"101":{"start":{"line":271,"column":24},"end":{"line":271,"column":34}},"102":{"start":{"line":272,"column":25},"end":{"line":277,"column":8}},"103":{"start":{"line":279,"column":23},"end":{"line":279,"column":45}},"104":{"start":{"line":280,"column":21},"end":{"line":280,"column":54}},"105":{"start":{"line":283,"column":6},"end":{"line":283,"column":60}},"106":{"start":{"line":285,"column":6},"end":{"line":285,"column":20}},"107":{"start":{"line":288,"column":6},"end":{"line":288,"column":70}},"108":{"start":{"line":289,"column":6},"end":{"line":289,"column":18}},"109":{"start":{"line":298,"column":4},"end":{"line":304,"column":5}},"110":{"start":{"line":299,"column":6},"end":{"line":299,"column":73}},"111":{"start":{"line":300,"column":6},"end":{"line":300,"column":59}},"112":{"start":{"line":302,"column":6},"end":{"line":302,"column":68}},"113":{"start":{"line":303,"column":6},"end":{"line":303,"column":18}},"114":{"start":{"line":312,"column":18},"end":{"line":312,"column":34}},"115":{"start":{"line":313,"column":4},"end":{"line":313,"column":23}},"116":{"start":{"line":313,"column":16},"end":{"line":313,"column":23}},"117":{"start":{"line":316,"column":20},"end":{"line":316,"column":51}},"118":{"start":{"line":317,"column":22},"end":{"line":317,"column":65}},"119":{"start":{"line":318,"column":23},"end":{"line":318,"column":68}},"120":{"start":{"line":319,"column":22},"end":{"line":319,"column":44}},"121":{"start":{"line":321,"column":4},"end":{"line":321,"column":74}},"122":{"start":{"line":322,"column":4},"end":{"line":322,"column":62}},"123":{"start":{"line":323,"column":4},"end":{"line":323,"column":56}},"124":{"start":{"line":324,"column":4},"end":{"line":324,"column":71}},"125":{"start":{"line":325,"column":4},"end":{"line":325,"column":73}},"126":{"start":{"line":326,"column":4},"end":{"line":326,"column":93}},"127":{"start":{"line":327,"column":4},"end":{"line":327,"column":59}},"128":{"start":{"line":328,"column":4},"end":{"line":328,"column":66}},"129":{"start":{"line":329,"column":4},"end":{"line":329,"column":74}},"130":{"start":{"line":336,"column":4},"end":{"line":336,"column":59}},"131":{"start":{"line":337,"column":4},"end":{"line":337,"column":35}},"132":{"start":{"line":341,"column":4},"end":{"line":341,"column":61}},"133":{"start":{"line":342,"column":4},"end":{"line":342,"column":37}},"134":{"start":{"line":346,"column":0},"end":{"line":346,"column":33}}},"fnMap":{"0":{"name":"(anonymous_0)","decl":{"start":{"line":13,"column":2},"end":{"line":13,"column":3}},"loc":{"start":{"line":13,"column":46},"end":{"line":28,"column":3}},"line":13},"1":{"name":"(anonymous_1)","decl":{"start":{"line":33,"column":2},"end":{"line":33,"column":3}},"loc":{"start":{"line":33,"column":10},"end":{"line":47,"column":3}},"line":33},"2":{"name":"(anonymous_2)","decl":{"start":{"line":37,"column":49},"end":{"line":37,"column":50}},"loc":{"start":{"line":37,"column":61},"end":{"line":39,"column":5}},"line":37},"3":{"name":"(anonymous_3)","decl":{"start":{"line":42,"column":52},"end":{"line":42,"column":53}},"loc":{"start":{"line":42,"column":64},"end":{"line":44,"column":5}},"line":42},"4":{"name":"(anonymous_4)","decl":{"start":{"line":52,"column":2},"end":{"line":52,"column":3}},"loc":{"start":{"line":52,"column":9},"end":{"line":60,"column":3}},"line":52},"5":{"name":"(anonymous_5)","decl":{"start":{"line":65,"column":2},"end":{"line":65,"column":3}},"loc":{"start":{"line":65,"column":28},"end":{"line":102,"column":3}},"line":65},"6":{"name":"(anonymous_6)","decl":{"start":{"line":107,"column":2},"end":{"line":107,"column":3}},"loc":{"start":{"line":107,"column":30},"end":{"line":144,"column":3}},"line":107},"7":{"name":"(anonymous_7)","decl":{"start":{"line":150,"column":2},"end":{"line":150,"column":3}},"loc":{"start":{"line":150,"column":30},"end":{"line":195,"column":3}},"line":150},"8":{"name":"(anonymous_8)","decl":{"start":{"line":201,"column":2},"end":{"line":201,"column":3}},"loc":{"start":{"line":201,"column":32},"end":{"line":234,"column":3}},"line":201},"9":{"name":"(anonymous_9)","decl":{"start":{"line":240,"column":2},"end":{"line":240,"column":3}},"loc":{"start":{"line":240,"column":45},"end":{"line":291,"column":3}},"line":240},"10":{"name":"(anonymous_10)","decl":{"start":{"line":243,"column":48},"end":{"line":243,"column":49}},"loc":{"start":{"line":243,"column":53},"end":{"line":249,"column":7}},"line":243},"11":{"name":"(anonymous_11)","decl":{"start":{"line":252,"column":42},"end":{"line":252,"column":43}},"loc":{"start":{"line":252,"column":49},"end":{"line":254,"column":7}},"line":252},"12":{"name":"(anonymous_12)","decl":{"start":{"line":297,"column":2},"end":{"line":297,"column":3}},"loc":{"start":{"line":297,"column":30},"end":{"line":305,"column":3}},"line":297},"13":{"name":"(anonymous_13)","decl":{"start":{"line":311,"column":2},"end":{"line":311,"column":3}},"loc":{"start":{"line":311,"column":51},"end":{"line":330,"column":3}},"line":311},"14":{"name":"(anonymous_14)","decl":{"start":{"line":335,"column":2},"end":{"line":335,"column":3}},"loc":{"start":{"line":335,"column":28},"end":{"line":338,"column":3}},"line":335},"15":{"name":"(anonymous_15)","decl":{"start":{"line":340,"column":2},"end":{"line":340,"column":3}},"loc":{"start":{"line":340,"column":30},"end":{"line":343,"column":3}},"line":340}},"branchMap":{"0":{"loc":{"start":{"line":53,"column":4},"end":{"line":55,"column":5}},"type":"if","locations":[{"start":{"line":53,"column":4},"end":{"line":55,"column":5}},{"start":{},"end":{}}],"line":53},"1":{"loc":{"start":{"line":56,"column":4},"end":{"line":58,"column":5}},"type":"if","locations":[{"start":{"line":56,"column":4},"end":{"line":58,"column":5}},{"start":{},"end":{}}],"line":56},"2":{"loc":{"start":{"line":66,"column":4},"end":{"line":69,"column":5}},"type":"if","locations":[{"start":{"line":66,"column":4},"end":{"line":69,"column":5}},{"start":{},"end":{}}],"line":66},"3":{"loc":{"start":{"line":80,"column":6},"end":{"line":84,"column":7}},"type":"if","locations":[{"start":{"line":80,"column":6},"end":{"line":84,"column":7}},{"start":{},"end":{}}],"line":80},"4":{"loc":{"start":{"line":80,"column":10},"end":{"line":80,"column":72}},"type":"binary-expr","locations":[{"start":{"line":80,"column":10},"end":{"line":80,"column":39}},{"start":{"line":80,"column":43},"end":{"line":80,"column":72}}],"line":80},"5":{"loc":{"start":{"line":90,"column":6},"end":{"line":95,"column":7}},"type":"if","locations":[{"start":{"line":90,"column":6},"end":{"line":95,"column":7}},{"start":{"line":93,"column":13},"end":{"line":95,"column":7}}],"line":90},"6":{"loc":{"start":{"line":90,"column":10},"end":{"line":90,"column":44}},"type":"binary-expr","locations":[{"start":{"line":90,"column":10},"end":{"line":90,"column":16}},{"start":{"line":90,"column":20},"end":{"line":90,"column":44}}],"line":90},"7":{"loc":{"start":{"line":108,"column":4},"end":{"line":111,"column":5}},"type":"if","locations":[{"start":{"line":108,"column":4},"end":{"line":111,"column":5}},{"start":{},"end":{}}],"line":108},"8":{"loc":{"start":{"line":122,"column":6},"end":{"line":126,"column":7}},"type":"if","locations":[{"start":{"line":122,"column":6},"end":{"line":126,"column":7}},{"start":{},"end":{}}],"line":122},"9":{"loc":{"start":{"line":132,"column":6},"end":{"line":137,"column":7}},"type":"if","locations":[{"start":{"line":132,"column":6},"end":{"line":137,"column":7}},{"start":{"line":135,"column":13},"end":{"line":137,"column":7}}],"line":132},"10":{"loc":{"start":{"line":132,"column":10},"end":{"line":132,"column":44}},"type":"binary-expr","locations":[{"start":{"line":132,"column":10},"end":{"line":132,"column":16}},{"start":{"line":132,"column":20},"end":{"line":132,"column":44}}],"line":132},"11":{"loc":{"start":{"line":161,"column":6},"end":{"line":163,"column":7}},"type":"if","locations":[{"start":{"line":161,"column":6},"end":{"line":163,"column":7}},{"start":{},"end":{}}],"line":161},"12":{"loc":{"start":{"line":172,"column":6},"end":{"line":172,"column":35}},"type":"if","locations":[{"start":{"line":172,"column":6},"end":{"line":172,"column":35}},{"start":{},"end":{}}],"line":172},"13":{"loc":{"start":{"line":184,"column":6},"end":{"line":184,"column":33}},"type":"if","locations":[{"start":{"line":184,"column":6},"end":{"line":184,"column":33}},{"start":{},"end":{}}],"line":184},"14":{"loc":{"start":{"line":187,"column":18},"end":{"line":187,"column":32}},"type":"binary-expr","locations":[{"start":{"line":187,"column":18},"end":{"line":187,"column":26}},{"start":{"line":187,"column":30},"end":{"line":187,"column":32}}],"line":187},"15":{"loc":{"start":{"line":188,"column":18},"end":{"line":188,"column":32}},"type":"binary-expr","locations":[{"start":{"line":188,"column":18},"end":{"line":188,"column":26}},{"start":{"line":188,"column":30},"end":{"line":188,"column":32}}],"line":188},"16":{"loc":{"start":{"line":212,"column":6},"end":{"line":214,"column":7}},"type":"if","locations":[{"start":{"line":212,"column":6},"end":{"line":214,"column":7}},{"start":{},"end":{}}],"line":212},"17":{"loc":{"start":{"line":223,"column":6},"end":{"line":223,"column":29}},"type":"if","locations":[{"start":{"line":223,"column":6},"end":{"line":223,"column":29}},{"start":{},"end":{}}],"line":223},"18":{"loc":{"start":{"line":226,"column":18},"end":{"line":226,"column":32}},"type":"binary-expr","locations":[{"start":{"line":226,"column":18},"end":{"line":226,"column":26}},{"start":{"line":226,"column":30},"end":{"line":226,"column":32}}],"line":226},"19":{"loc":{"start":{"line":253,"column":77},"end":{"line":253,"column":91}},"type":"binary-expr","locations":[{"start":{"line":253,"column":77},"end":{"line":253,"column":85}},{"start":{"line":253,"column":89},"end":{"line":253,"column":91}}],"line":253},"20":{"loc":{"start":{"line":260,"column":6},"end":{"line":262,"column":7}},"type":"if","locations":[{"start":{"line":260,"column":6},"end":{"line":262,"column":7}},{"start":{},"end":{}}],"line":260},"21":{"loc":{"start":{"line":264,"column":6},"end":{"line":266,"column":7}},"type":"if","locations":[{"start":{"line":264,"column":6},"end":{"line":266,"column":7}},{"start":{},"end":{}}],"line":264},"22":{"loc":{"start":{"line":313,"column":4},"end":{"line":313,"column":23}},"type":"if","locations":[{"start":{"line":313,"column":4},"end":{"line":313,"column":23}},{"start":{},"end":{}}],"line":313}},"s":{"0":0,"1":0,"2":0,"3":0,"4":0,"5":0,"6":0,"7":0,"8":0,"9":0,"10":0,"11":0,"12":0,"13":0,"14":0,"15":0,"16":0,"17":0,"18":0,"19":0,"20":0,"21":0,"22":0,"23":0,"24":0,"25":0,"26":0,"27":0,"28":0,"29":0,"30":0,"31":0,"32":0,"33":0,"34":0,"35":0,"36":0,"37":0,"38":0,"39":0,"40":0,"41":0,"42":0,"43":0,"44":0,"45":0,"46":0,"47":0,"48":0,"49":0,"50":0,"51":0,"52":0,"53":0,"54":0,"55":0,"56":0,"57":0,"58":0,"59":0,"60":0,"61":0,"62":0,"63":0,"64":0,"65":0,"66":0,"67":0,"68":0,"69":0,"70":0,"71":0,"72":0,"73":0,"74":0,"75":0,"76":0,"77":0,"78":0,"79":0,"80":0,"81":0,"82":0,"83":0,"84":0,"85":0,"86":0,"87":0,"88":0,"89":0,"90":0,"91":0,"92":0,"93":0,"94":0,"95":0,"96":0,"97":0,"98":0,"99":0,"100":0,"101":0,"102":0,"103":0,"104":0,"105":0,"106":0,"107":0,"108":0,"109":0,"110":0,"111":0,"112":0,"113":0,"114":0,"115":0,"116":0,"117":0,"118":0,"119":0,"120":0,"121":0,"122":0,"123":0,"124":0,"125":0,"126":0,"127":0,"128":0,"129":0,"130":0,"131":0,"132":0,"133":0,"134":0},"f":{"0":0,"1":0,"2":0,"3":0,"4":0,"5":0,"6":0,"7":0,"8":0,"9":0,"10":0,"11":0,"12":0,"13":0,"14":0,"15":0},"b":{"0":[0,0],"1":[0,0],"2":[0,0],"3":[0,0],"4":[0,0],"5":[0,0],"6":[0,0],"7":[0,0],"8":[0,0],"9":[0,0],"10":[0,0],"11":[0,0],"12":[0,0],"13":[0,0],"14":[0,0],"15":[0,0],"16":[0,0],"17":[0,0],"18":[0,0],"19":[0,0],"20":[0,0],"21":[0,0],"22":[0,0]}}
,"/Users/stevenekahalim/apex-assistant/src/v3/hourlyNotesJob.js": {"path":"/Users/stevenekahalim/apex-assistant/src/v3/hourlyNotesJob.js","statementMap":{"0":{"start":{"line":8,"column":15},"end":{"line":8,"column":32}},"1":{"start":{"line":9,"column":13},"end":{"line":9,"column":33}},"2":{"start":{"line":10,"column":15},"end":{"line":10,"column":41}},"3":{"start":{"line":11,"column":22},"end":{"line":11,"column":48}},"4":{"start":{"line":15,"column":4},"end":{"line":15,"column":47}},"5":{"start":{"line":16,"column":4},"end":{"line":16,"column":59}},"6":{"start":{"line":18,"column":4},"end":{"line":20,"column":7}},"7":{"start":{"line":22,"column":4},"end":{"line":22,"column":26}},"8":{"start":{"line":23,"column":4},"end":{"line":23,"column":36}},"9":{"start":{"line":24,"column":4},"end":{"line":24,"column":27}},"10":{"start":{"line":31,"column":4},"end":{"line":31,"column":53}},"11":{"start":{"line":34,"column":4},"end":{"line":36,"column":7}},"12":{"start":{"line":35,"column":6},"end":{"line":35,"column":38}},"13":{"start":{"line":38,"column":4},"end":{"line":38,"column":73}},"14":{"start":{"line":45,"column":4},"end":{"line":48,"column":5}},"15":{"start":{"line":46,"column":6},"end":{"line":46,"column":22}},"16":{"start":{"line":47,"column":6},"end":{"line":47,"column":51}},"17":{"start":{"line":55,"column":4},"end":{"line":58,"column":5}},"18":{"start":{"line":56,"column":6},"end":{"line":56,"column":65}},"19":{"start":{"line":57,"column":6},"end":{"line":57,"column":13}},"20":{"start":{"line":60,"column":4},"end":{"line":60,"column":26}},"21":{"start":{"line":62,"column":4},"end":{"line":81,"column":5}},"22":{"start":{"line":63,"column":6},"end":{"line":63,"column":56}},"23":{"start":{"line":66,"column":26},"end":{"line":66,"column":54}},"24":{"start":{"line":68,"column":6},"end":{"line":68,"column":84}},"25":{"start":{"line":71,"column":6},"end":{"line":73,"column":7}},"26":{"start":{"line":72,"column":8},"end":{"line":72,"column":47}},"27":{"start":{"line":75,"column":6},"end":{"line":75,"column":61}},"28":{"start":{"line":78,"column":6},"end":{"line":78,"column":61}},"29":{"start":{"line":80,"column":6},"end":{"line":80,"column":29}},"30":{"start":{"line":89,"column":23},"end":{"line":89,"column":33}},"31":{"start":{"line":90,"column":4},"end":{"line":90,"column":51}},"32":{"start":{"line":92,"column":28},"end":{"line":95,"column":49}},"33":{"start":{"line":97,"column":4},"end":{"line":100,"column":5}},"34":{"start":{"line":98,"column":6},"end":{"line":98,"column":62}},"35":{"start":{"line":99,"column":6},"end":{"line":99,"column":16}},"36":{"start":{"line":103,"column":20},"end":{"line":103,"column":58}},"37":{"start":{"line":103,"column":46},"end":{"line":103,"column":55}},"38":{"start":{"line":104,"column":4},"end":{"line":104,"column":19}},"39":{"start":{"line":112,"column":4},"end":{"line":161,"column":5}},"40":{"start":{"line":113,"column":18},"end":{"line":113,"column":28}},"41":{"start":{"line":114,"column":23},"end":{"line":114,"column":36}},"42":{"start":{"line":115,"column":6},"end":{"line":115,"column":44}},"43":{"start":{"line":118,"column":23},"end":{"line":122,"column":7}},"44":{"start":{"line":124,"column":6},"end":{"line":127,"column":7}},"45":{"start":{"line":125,"column":8},"end":{"line":125,"column":81}},"46":{"start":{"line":126,"column":8},"end":{"line":126,"column":15}},"47":{"start":{"line":129,"column":6},"end":{"line":129,"column":93}},"48":{"start":{"line":132,"column":22},"end":{"line":132,"column":59}},"49":{"start":{"line":135,"column":27},"end":{"line":135,"column":73}},"50":{"start":{"line":135,"column":57},"end":{"line":135,"column":70}},"51":{"start":{"line":138,"column":28},"end":{"line":138,"column":108}},"52":{"start":{"line":140,"column":24},"end":{"line":151,"column":10}},"53":{"start":{"line":153,"column":6},"end":{"line":157,"column":7}},"54":{"start":{"line":154,"column":8},"end":{"line":154,"column":76}},"55":{"start":{"line":156,"column":8},"end":{"line":156,"column":62}},"56":{"start":{"line":160,"column":6},"end":{"line":160,"column":78}},"57":{"start":{"line":169,"column":25},"end":{"line":172,"column":17}},"58":{"start":{"line":170,"column":19},"end":{"line":170,"column":108}},"59":{"start":{"line":171,"column":6},"end":{"line":171,"column":61}},"60":{"start":{"line":174,"column":19},"end":{"line":193,"column":22}},"61":{"start":{"line":195,"column":4},"end":{"line":218,"column":5}},"62":{"start":{"line":196,"column":25},"end":{"line":201,"column":8}},"63":{"start":{"line":203,"column":21},"end":{"line":203,"column":70}},"64":{"start":{"line":205,"column":6},"end":{"line":209,"column":8}},"65":{"start":{"line":212,"column":6},"end":{"line":212,"column":63}},"66":{"start":{"line":213,"column":6},"end":{"line":217,"column":8}},"67":{"start":{"line":222,"column":0},"end":{"line":222,"column":32}}},"fnMap":{"0":{"name":"(anonymous_0)","decl":{"start":{"line":14,"column":2},"end":{"line":14,"column":3}},"loc":{"start":{"line":14,"column":30},"end":{"line":25,"column":3}},"line":14},"1":{"name":"(anonymous_1)","decl":{"start":{"line":30,"column":2},"end":{"line":30,"column":3}},"loc":{"start":{"line":30,"column":10},"end":{"line":39,"column":3}},"line":30},"2":{"name":"(anonymous_2)","decl":{"start":{"line":34,"column":48},"end":{"line":34,"column":49}},"loc":{"start":{"line":34,"column":60},"end":{"line":36,"column":5}},"line":34},"3":{"name":"(anonymous_3)","decl":{"start":{"line":44,"column":2},"end":{"line":44,"column":3}},"loc":{"start":{"line":44,"column":9},"end":{"line":49,"column":3}},"line":44},"4":{"name":"(anonymous_4)","decl":{"start":{"line":54,"column":2},"end":{"line":54,"column":3}},"loc":{"start":{"line":54,"column":29},"end":{"line":82,"column":3}},"line":54},"5":{"name":"(anonymous_5)","decl":{"start":{"line":88,"column":2},"end":{"line":88,"column":3}},"loc":{"start":{"line":88,"column":26},"end":{"line":105,"column":3}},"line":88},"6":{"name":"(anonymous_6)","decl":{"start":{"line":103,"column":41},"end":{"line":103,"column":42}},"loc":{"start":{"line":103,"column":46},"end":{"line":103,"column":55}},"line":103},"7":{"name":"(anonymous_7)","decl":{"start":{"line":111,"column":2},"end":{"line":111,"column":3}},"loc":{"start":{"line":111,"column":36},"end":{"line":162,"column":3}},"line":111},"8":{"name":"(anonymous_8)","decl":{"start":{"line":135,"column":52},"end":{"line":135,"column":53}},"loc":{"start":{"line":135,"column":57},"end":{"line":135,"column":70}},"line":135},"9":{"name":"(anonymous_9)","decl":{"start":{"line":168,"column":2},"end":{"line":168,"column":3}},"loc":{"start":{"line":168,"column":35},"end":{"line":219,"column":3}},"line":168},"10":{"name":"(anonymous_10)","decl":{"start":{"line":169,"column":38},"end":{"line":169,"column":39}},"loc":{"start":{"line":169,"column":43},"end":{"line":172,"column":5}},"line":169}},"branchMap":{"0":{"loc":{"start":{"line":45,"column":4},"end":{"line":48,"column":5}},"type":"if","locations":[{"start":{"line":45,"column":4},"end":{"line":48,"column":5}},{"start":{},"end":{}}],"line":45},"1":{"loc":{"start":{"line":55,"column":4},"end":{"line":58,"column":5}},"type":"if","locations":[{"start":{"line":55,"column":4},"end":{"line":58,"column":5}},{"start":{},"end":{}}],"line":55},"2":{"loc":{"start":{"line":97,"column":4},"end":{"line":100,"column":5}},"type":"if","locations":[{"start":{"line":97,"column":4},"end":{"line":100,"column":5}},{"start":{},"end":{}}],"line":97},"3":{"loc":{"start":{"line":124,"column":6},"end":{"line":127,"column":7}},"type":"if","locations":[{"start":{"line":124,"column":6},"end":{"line":127,"column":7}},{"start":{},"end":{}}],"line":124},"4":{"loc":{"start":{"line":153,"column":6},"end":{"line":157,"column":7}},"type":"if","locations":[{"start":{"line":153,"column":6},"end":{"line":157,"column":7}},{"start":{"line":155,"column":13},"end":{"line":157,"column":7}}],"line":153},"5":{"loc":{"start":{"line":206,"column":14},"end":{"line":206,"column":54}},"type":"binary-expr","locations":[{"start":{"line":206,"column":14},"end":{"line":206,"column":25}},{"start":{"line":206,"column":29},"end":{"line":206,"column":54}}],"line":206},"6":{"loc":{"start":{"line":207,"column":19},"end":{"line":207,"column":41}},"type":"binary-expr","locations":[{"start":{"line":207,"column":19},"end":{"line":207,"column":35}},{"start":{"line":207,"column":39},"end":{"line":207,"column":41}}],"line":207},"7":{"loc":{"start":{"line":208,"column":17},"end":{"line":208,"column":37}},"type":"binary-expr","locations":[{"start":{"line":208,"column":17},"end":{"line":208,"column":31}},{"start":{"line":208,"column":35},"end":{"line":208,"column":37}}],"line":208}},"s":{"0":0,"1":0,"2":0,"3":0,"4":0,"5":0,"6":0,"7":0,"8":0,"9":0,"10":0,"11":0,"12":0,"13":0,"14":0,"15":0,"16":0,"17":0,"18":0,"19":0,"20":0,"21":0,"22":0,"23":0,"24":0,"25":0,"26":0,"27":0,"28":0,"29":0,"30":0,"31":0,"32":0,"33":0,"34":0,"35":0,"36":0,"37":0,"38":0,"39":0,"40":0,"41":0,"42":0,"43":0,"44":0,"45":0,"46":0,"47":0,"48":0,"49":0,"50":0,"51":0,"52":0,"53":0,"54":0,"55":0,"56":0,"57":0,"58":0,"59":0,"60":0,"61":0,"62":0,"63":0,"64":0,"65":0,"66":0,"67":0},"f":{"0":0,"1":0,"2":0,"3":0,"4":0,"5":0,"6":0,"7":0,"8":0,"9":0,"10":0},"b":{"0":[0,0],"1":[0,0],"2":[0,0],"3":[0,0],"4":[0,0],"5":[0,0],"6":[0,0],"7":[0,0]}}
,"/Users/stevenekahalim/apex-assistant/src/v3/knowledgeCompiler.js": {"path":"/Users/stevenekahalim/apex-assistant/src/v3/knowledgeCompiler.js","statementMap":{"0":{"start":{"line":7,"column":18},"end":{"line":7,"column":46}},"1":{"start":{"line":8,"column":13},"end":{"line":8,"column":33}},"2":{"start":{"line":9,"column":15},"end":{"line":9,"column":41}},"3":{"start":{"line":10,"column":27},"end":{"line":10,"column":60}},"4":{"start":{"line":14,"column":4},"end":{"line":14,"column":47}},"5":{"start":{"line":16,"column":4},"end":{"line":18,"column":7}},"6":{"start":{"line":21,"column":4},"end":{"line":21,"column":46}},"7":{"start":{"line":22,"column":4},"end":{"line":22,"column":37}},"8":{"start":{"line":23,"column":4},"end":{"line":23,"column":27}},"9":{"start":{"line":24,"column":4},"end":{"line":24,"column":51}},"10":{"start":{"line":31,"column":4},"end":{"line":31,"column":74}},"11":{"start":{"line":34,"column":4},"end":{"line":36,"column":7}},"12":{"start":{"line":35,"column":6},"end":{"line":35,"column":41}},"13":{"start":{"line":38,"column":4},"end":{"line":38,"column":108}},"14":{"start":{"line":45,"column":4},"end":{"line":48,"column":5}},"15":{"start":{"line":46,"column":6},"end":{"line":46,"column":22}},"16":{"start":{"line":47,"column":6},"end":{"line":47,"column":54}},"17":{"start":{"line":55,"column":4},"end":{"line":58,"column":5}},"18":{"start":{"line":56,"column":6},"end":{"line":56,"column":68}},"19":{"start":{"line":57,"column":6},"end":{"line":57,"column":13}},"20":{"start":{"line":60,"column":4},"end":{"line":60,"column":26}},"21":{"start":{"line":62,"column":4},"end":{"line":103,"column":5}},"22":{"start":{"line":63,"column":6},"end":{"line":63,"column":85}},"23":{"start":{"line":66,"column":24},"end":{"line":66,"column":53}},"24":{"start":{"line":67,"column":26},"end":{"line":67,"column":85}},"25":{"start":{"line":69,"column":6},"end":{"line":73,"column":7}},"26":{"start":{"line":70,"column":8},"end":{"line":70,"column":77}},"27":{"start":{"line":71,"column":8},"end":{"line":71,"column":31}},"28":{"start":{"line":72,"column":8},"end":{"line":72,"column":15}},"29":{"start":{"line":75,"column":6},"end":{"line":75,"column":95}},"30":{"start":{"line":78,"column":28},"end":{"line":78,"column":59}},"31":{"start":{"line":79,"column":6},"end":{"line":79,"column":96}},"32":{"start":{"line":82,"column":32},"end":{"line":82,"column":103}},"33":{"start":{"line":84,"column":6},"end":{"line":89,"column":7}},"34":{"start":{"line":85,"column":8},"end":{"line":85,"column":93}},"35":{"start":{"line":86,"column":8},"end":{"line":86,"column":58}},"36":{"start":{"line":87,"column":8},"end":{"line":87,"column":31}},"37":{"start":{"line":88,"column":8},"end":{"line":88,"column":15}},"38":{"start":{"line":92,"column":6},"end":{"line":92,"column":60}},"39":{"start":{"line":95,"column":6},"end":{"line":95,"column":56}},"40":{"start":{"line":97,"column":6},"end":{"line":97,"column":81}},"41":{"start":{"line":100,"column":6},"end":{"line":100,"column":72}},"42":{"start":{"line":102,"column":6},"end":{"line":102,"column":29}},"43":{"start":{"line":113,"column":16},"end":{"line":113,"column":26}},"44":{"start":{"line":116,"column":18},"end":{"line":116,"column":31}},"45":{"start":{"line":117,"column":4},"end":{"line":117,"column":35}},"46":{"start":{"line":118,"column":4},"end":{"line":118,"column":45}},"47":{"start":{"line":121,"column":16},"end":{"line":121,"column":29}},"48":{"start":{"line":122,"column":4},"end":{"line":122,"column":37}},"49":{"start":{"line":123,"column":4},"end":{"line":123,"column":41}},"50":{"start":{"line":125,"column":4},"end":{"line":125,"column":26}},"51":{"start":{"line":133,"column":4},"end":{"line":148,"column":5}},"52":{"start":{"line":134,"column":30},"end":{"line":140,"column":48}},"53":{"start":{"line":142,"column":6},"end":{"line":142,"column":29}},"54":{"start":{"line":142,"column":17},"end":{"line":142,"column":29}},"55":{"start":{"line":144,"column":6},"end":{"line":144,"column":24}},"56":{"start":{"line":146,"column":6},"end":{"line":146,"column":78}},"57":{"start":{"line":147,"column":6},"end":{"line":147,"column":16}},"58":{"start":{"line":156,"column":4},"end":{"line":168,"column":5}},"59":{"start":{"line":157,"column":30},"end":{"line":160,"column":41}},"60":{"start":{"line":162,"column":6},"end":{"line":162,"column":29}},"61":{"start":{"line":162,"column":17},"end":{"line":162,"column":29}},"62":{"start":{"line":164,"column":6},"end":{"line":164,"column":24}},"63":{"start":{"line":166,"column":6},"end":{"line":166,"column":80}},"64":{"start":{"line":167,"column":6},"end":{"line":167,"column":16}},"65":{"start":{"line":176,"column":25},"end":{"line":184,"column":17}},"66":{"start":{"line":177,"column":19},"end":{"line":182,"column":8}},"67":{"start":{"line":183,"column":6},"end":{"line":183,"column":61}},"68":{"start":{"line":186,"column":19},"end":{"line":188,"column":17}},"69":{"start":{"line":187,"column":6},"end":{"line":187,"column":92}},"70":{"start":{"line":191,"column":19},"end":{"line":199,"column":39}},"71":{"start":{"line":201,"column":4},"end":{"line":239,"column":5}},"72":{"start":{"line":202,"column":6},"end":{"line":202,"column":96}},"73":{"start":{"line":203,"column":24},"end":{"line":203,"column":34}},"74":{"start":{"line":205,"column":22},"end":{"line":216,"column":8}},"75":{"start":{"line":218,"column":23},"end":{"line":218,"column":45}},"76":{"start":{"line":221,"column":25},"end":{"line":221,"column":48}},"77":{"start":{"line":224,"column":6},"end":{"line":224,"column":91}},"78":{"start":{"line":226,"column":21},"end":{"line":226,"column":45}},"79":{"start":{"line":229,"column":6},"end":{"line":229,"column":45}},"80":{"start":{"line":231,"column":6},"end":{"line":231,"column":94}},"81":{"start":{"line":232,"column":6},"end":{"line":232,"column":69}},"82":{"start":{"line":234,"column":6},"end":{"line":234,"column":20}},"83":{"start":{"line":237,"column":6},"end":{"line":237,"column":93}},"84":{"start":{"line":238,"column":6},"end":{"line":238,"column":18}},"85":{"start":{"line":247,"column":19},"end":{"line":247,"column":20}},"86":{"start":{"line":248,"column":21},"end":{"line":248,"column":22}},"87":{"start":{"line":249,"column":24},"end":{"line":249,"column":25}},"88":{"start":{"line":252,"column":23},"end":{"line":252,"column":60}},"89":{"start":{"line":252,"column":43},"end":{"line":252,"column":59}},"90":{"start":{"line":253,"column":4},"end":{"line":264,"column":5}},"91":{"start":{"line":254,"column":6},"end":{"line":254,"column":107}},"92":{"start":{"line":256,"column":32},"end":{"line":256,"column":54}},"93":{"start":{"line":257,"column":33},"end":{"line":257,"column":52}},"94":{"start":{"line":260,"column":6},"end":{"line":260,"column":80}},"95":{"start":{"line":260,"column":36},"end":{"line":260,"column":52}},"96":{"start":{"line":261,"column":6},"end":{"line":261,"column":49}},"97":{"start":{"line":263,"column":6},"end":{"line":263,"column":111}},"98":{"start":{"line":266,"column":4},"end":{"line":284,"column":5}},"99":{"start":{"line":267,"column":6},"end":{"line":283,"column":7}},"100":{"start":{"line":268,"column":8},"end":{"line":280,"column":9}},"101":{"start":{"line":269,"column":10},"end":{"line":269,"column":45}},"102":{"start":{"line":270,"column":10},"end":{"line":270,"column":21}},"103":{"start":{"line":271,"column":15},"end":{"line":280,"column":9}},"104":{"start":{"line":272,"column":10},"end":{"line":272,"column":41}},"105":{"start":{"line":273,"column":10},"end":{"line":273,"column":23}},"106":{"start":{"line":274,"column":15},"end":{"line":280,"column":9}},"107":{"start":{"line":275,"column":10},"end":{"line":275,"column":102}},"108":{"start":{"line":276,"column":10},"end":{"line":276,"column":26}},"109":{"start":{"line":278,"column":10},"end":{"line":278,"column":83}},"110":{"start":{"line":279,"column":10},"end":{"line":279,"column":26}},"111":{"start":{"line":282,"column":8},"end":{"line":282,"column":91}},"112":{"start":{"line":286,"column":4},"end":{"line":286,"column":122}},"113":{"start":{"line":294,"column":4},"end":{"line":324,"column":5}},"114":{"start":{"line":296,"column":49},"end":{"line":300,"column":17}},"115":{"start":{"line":302,"column":6},"end":{"line":302,"column":35}},"116":{"start":{"line":302,"column":20},"end":{"line":302,"column":35}},"117":{"start":{"line":304,"column":21},"end":{"line":304,"column":74}},"118":{"start":{"line":307,"column":24},"end":{"line":315,"column":10}},"119":{"start":{"line":317,"column":6},"end":{"line":321,"column":7}},"120":{"start":{"line":318,"column":8},"end":{"line":318,"column":78}},"121":{"start":{"line":320,"column":8},"end":{"line":320,"column":84}},"122":{"start":{"line":323,"column":6},"end":{"line":323,"column":76}},"123":{"start":{"line":332,"column":4},"end":{"line":368,"column":5}},"124":{"start":{"line":334,"column":52},"end":{"line":338,"column":17}},"125":{"start":{"line":340,"column":6},"end":{"line":343,"column":7}},"126":{"start":{"line":341,"column":8},"end":{"line":341,"column":90}},"127":{"start":{"line":342,"column":8},"end":{"line":342,"column":15}},"128":{"start":{"line":346,"column":28},"end":{"line":346,"column":85}},"129":{"start":{"line":347,"column":27},"end":{"line":347,"column":46}},"130":{"start":{"line":348,"column":22},"end":{"line":348,"column":39}},"131":{"start":{"line":349,"column":25},"end":{"line":349,"column":63}},"132":{"start":{"line":352,"column":37},"end":{"line":358,"column":31}},"133":{"start":{"line":360,"column":6},"end":{"line":364,"column":7}},"134":{"start":{"line":361,"column":8},"end":{"line":361,"column":79}},"135":{"start":{"line":363,"column":8},"end":{"line":363,"column":91}},"136":{"start":{"line":367,"column":6},"end":{"line":367,"column":76}},"137":{"start":{"line":376,"column":20},"end":{"line":376,"column":49}},"138":{"start":{"line":377,"column":23},"end":{"line":377,"column":89}},"139":{"start":{"line":377,"column":63},"end":{"line":377,"column":71}},"140":{"start":{"line":377,"column":85},"end":{"line":377,"column":86}},"141":{"start":{"line":378,"column":4},"end":{"line":378,"column":33}},"142":{"start":{"line":386,"column":4},"end":{"line":400,"column":5}},"143":{"start":{"line":387,"column":24},"end":{"line":393,"column":10}},"144":{"start":{"line":395,"column":6},"end":{"line":397,"column":7}},"145":{"start":{"line":396,"column":8},"end":{"line":396,"column":86}},"146":{"start":{"line":399,"column":6},"end":{"line":399,"column":84}},"147":{"start":{"line":408,"column":18},"end":{"line":408,"column":31}},"148":{"start":{"line":409,"column":4},"end":{"line":409,"column":23}},"149":{"start":{"line":409,"column":16},"end":{"line":409,"column":23}},"150":{"start":{"line":412,"column":20},"end":{"line":412,"column":51}},"151":{"start":{"line":413,"column":22},"end":{"line":413,"column":65}},"152":{"start":{"line":414,"column":23},"end":{"line":414,"column":68}},"153":{"start":{"line":415,"column":22},"end":{"line":415,"column":44}},"154":{"start":{"line":417,"column":4},"end":{"line":417,"column":79}},"155":{"start":{"line":418,"column":4},"end":{"line":418,"column":61}},"156":{"start":{"line":419,"column":4},"end":{"line":419,"column":76}},"157":{"start":{"line":420,"column":4},"end":{"line":420,"column":78}},"158":{"start":{"line":421,"column":4},"end":{"line":421,"column":98}},"159":{"start":{"line":422,"column":4},"end":{"line":422,"column":64}},"160":{"start":{"line":423,"column":4},"end":{"line":423,"column":150}},"161":{"start":{"line":424,"column":4},"end":{"line":424,"column":79}},"162":{"start":{"line":431,"column":4},"end":{"line":431,"column":108}},"163":{"start":{"line":433,"column":24},"end":{"line":433,"column":71}},"164":{"start":{"line":434,"column":4},"end":{"line":434,"column":91}},"165":{"start":{"line":436,"column":4},"end":{"line":439,"column":5}},"166":{"start":{"line":437,"column":6},"end":{"line":437,"column":68}},"167":{"start":{"line":438,"column":6},"end":{"line":438,"column":13}},"168":{"start":{"line":441,"column":26},"end":{"line":441,"column":57}},"169":{"start":{"line":442,"column":4},"end":{"line":442,"column":82}},"170":{"start":{"line":444,"column":30},"end":{"line":444,"column":101}},"171":{"start":{"line":446,"column":4},"end":{"line":446,"column":63}},"172":{"start":{"line":447,"column":4},"end":{"line":447,"column":60}},"173":{"start":{"line":450,"column":4},"end":{"line":450,"column":98}},"174":{"start":{"line":454,"column":0},"end":{"line":454,"column":35}}},"fnMap":{"0":{"name":"(anonymous_0)","decl":{"start":{"line":13,"column":2},"end":{"line":13,"column":3}},"loc":{"start":{"line":13,"column":30},"end":{"line":25,"column":3}},"line":13},"1":{"name":"(anonymous_1)","decl":{"start":{"line":30,"column":2},"end":{"line":30,"column":3}},"loc":{"start":{"line":30,"column":10},"end":{"line":39,"column":3}},"line":30},"2":{"name":"(anonymous_2)","decl":{"start":{"line":34,"column":48},"end":{"line":34,"column":49}},"loc":{"start":{"line":34,"column":60},"end":{"line":36,"column":5}},"line":34},"3":{"name":"(anonymous_3)","decl":{"start":{"line":44,"column":2},"end":{"line":44,"column":3}},"loc":{"start":{"line":44,"column":9},"end":{"line":49,"column":3}},"line":44},"4":{"name":"(anonymous_4)","decl":{"start":{"line":54,"column":2},"end":{"line":54,"column":3}},"loc":{"start":{"line":54,"column":32},"end":{"line":104,"column":3}},"line":54},"5":{"name":"(anonymous_5)","decl":{"start":{"line":110,"column":2},"end":{"line":110,"column":3}},"loc":{"start":{"line":110,"column":27},"end":{"line":126,"column":3}},"line":110},"6":{"name":"(anonymous_6)","decl":{"start":{"line":132,"column":2},"end":{"line":132,"column":3}},"loc":{"start":{"line":132,"column":45},"end":{"line":149,"column":3}},"line":132},"7":{"name":"(anonymous_7)","decl":{"start":{"line":155,"column":2},"end":{"line":155,"column":3}},"loc":{"start":{"line":155,"column":29},"end":{"line":169,"column":3}},"line":155},"8":{"name":"(anonymous_8)","decl":{"start":{"line":175,"column":2},"end":{"line":175,"column":3}},"loc":{"start":{"line":175,"column":69},"end":{"line":240,"column":3}},"line":175},"9":{"name":"(anonymous_9)","decl":{"start":{"line":176,"column":41},"end":{"line":176,"column":42}},"loc":{"start":{"line":176,"column":46},"end":{"line":184,"column":5}},"line":176},"10":{"name":"(anonymous_10)","decl":{"start":{"line":186,"column":37},"end":{"line":186,"column":38}},"loc":{"start":{"line":186,"column":44},"end":{"line":188,"column":5}},"line":186},"11":{"name":"(anonymous_11)","decl":{"start":{"line":246,"column":2},"end":{"line":246,"column":3}},"loc":{"start":{"line":246,"column":33},"end":{"line":287,"column":3}},"line":246},"12":{"name":"(anonymous_12)","decl":{"start":{"line":252,"column":38},"end":{"line":252,"column":39}},"loc":{"start":{"line":252,"column":43},"end":{"line":252,"column":59}},"line":252},"13":{"name":"(anonymous_13)","decl":{"start":{"line":260,"column":31},"end":{"line":260,"column":32}},"loc":{"start":{"line":260,"column":36},"end":{"line":260,"column":52}},"line":260},"14":{"name":"(anonymous_14)","decl":{"start":{"line":293,"column":2},"end":{"line":293,"column":3}},"loc":{"start":{"line":293,"column":32},"end":{"line":325,"column":3}},"line":293},"15":{"name":"(anonymous_15)","decl":{"start":{"line":331,"column":2},"end":{"line":331,"column":3}},"loc":{"start":{"line":331,"column":28},"end":{"line":369,"column":3}},"line":331},"16":{"name":"(anonymous_16)","decl":{"start":{"line":375,"column":2},"end":{"line":375,"column":3}},"loc":{"start":{"line":375,"column":36},"end":{"line":379,"column":3}},"line":375},"17":{"name":"(anonymous_17)","decl":{"start":{"line":377,"column":58},"end":{"line":377,"column":59}},"loc":{"start":{"line":377,"column":63},"end":{"line":377,"column":71}},"line":377},"18":{"name":"(anonymous_18)","decl":{"start":{"line":377,"column":80},"end":{"line":377,"column":81}},"loc":{"start":{"line":377,"column":85},"end":{"line":377,"column":86}},"line":377},"19":{"name":"(anonymous_19)","decl":{"start":{"line":385,"column":2},"end":{"line":385,"column":3}},"loc":{"start":{"line":385,"column":47},"end":{"line":401,"column":3}},"line":385},"20":{"name":"(anonymous_20)","decl":{"start":{"line":407,"column":2},"end":{"line":407,"column":3}},"loc":{"start":{"line":407,"column":36},"end":{"line":425,"column":3}},"line":407},"21":{"name":"(anonymous_21)","decl":{"start":{"line":430,"column":2},"end":{"line":430,"column":3}},"loc":{"start":{"line":430,"column":36},"end":{"line":451,"column":3}},"line":430}},"branchMap":{"0":{"loc":{"start":{"line":45,"column":4},"end":{"line":48,"column":5}},"type":"if","locations":[{"start":{"line":45,"column":4},"end":{"line":48,"column":5}},{"start":{},"end":{}}],"line":45},"1":{"loc":{"start":{"line":55,"column":4},"end":{"line":58,"column":5}},"type":"if","locations":[{"start":{"line":55,"column":4},"end":{"line":58,"column":5}},{"start":{},"end":{}}],"line":55},"2":{"loc":{"start":{"line":69,"column":6},"end":{"line":73,"column":7}},"type":"if","locations":[{"start":{"line":69,"column":6},"end":{"line":73,"column":7}},{"start":{},"end":{}}],"line":69},"3":{"loc":{"start":{"line":84,"column":6},"end":{"line":89,"column":7}},"type":"if","locations":[{"start":{"line":84,"column":6},"end":{"line":89,"column":7}},{"start":{},"end":{}}],"line":84},"4":{"loc":{"start":{"line":84,"column":10},"end":{"line":84,"column":70}},"type":"binary-expr","locations":[{"start":{"line":84,"column":10},"end":{"line":84,"column":28}},{"start":{"line":84,"column":32},"end":{"line":84,"column":70}}],"line":84},"5":{"loc":{"start":{"line":142,"column":6},"end":{"line":142,"column":29}},"type":"if","locations":[{"start":{"line":142,"column":6},"end":{"line":142,"column":29}},{"start":{},"end":{}}],"line":142},"6":{"loc":{"start":{"line":144,"column":13},"end":{"line":144,"column":23}},"type":"binary-expr","locations":[{"start":{"line":144,"column":13},"end":{"line":144,"column":17}},{"start":{"line":144,"column":21},"end":{"line":144,"column":23}}],"line":144},"7":{"loc":{"start":{"line":162,"column":6},"end":{"line":162,"column":29}},"type":"if","locations":[{"start":{"line":162,"column":6},"end":{"line":162,"column":29}},{"start":{},"end":{}}],"line":162},"8":{"loc":{"start":{"line":164,"column":13},"end":{"line":164,"column":23}},"type":"binary-expr","locations":[{"start":{"line":164,"column":13},"end":{"line":164,"column":17}},{"start":{"line":164,"column":21},"end":{"line":164,"column":23}}],"line":164},"9":{"loc":{"start":{"line":187,"column":75},"end":{"line":187,"column":89}},"type":"binary-expr","locations":[{"start":{"line":187,"column":75},"end":{"line":187,"column":83}},{"start":{"line":187,"column":87},"end":{"line":187,"column":89}}],"line":187},"10":{"loc":{"start":{"line":253,"column":4},"end":{"line":264,"column":5}},"type":"if","locations":[{"start":{"line":253,"column":4},"end":{"line":264,"column":5}},{"start":{},"end":{}}],"line":253},"11":{"loc":{"start":{"line":268,"column":8},"end":{"line":280,"column":9}},"type":"if","locations":[{"start":{"line":268,"column":8},"end":{"line":280,"column":9}},{"start":{"line":271,"column":15},"end":{"line":280,"column":9}}],"line":268},"12":{"loc":{"start":{"line":271,"column":15},"end":{"line":280,"column":9}},"type":"if","locations":[{"start":{"line":271,"column":15},"end":{"line":280,"column":9}},{"start":{"line":274,"column":15},"end":{"line":280,"column":9}}],"line":271},"13":{"loc":{"start":{"line":274,"column":15},"end":{"line":280,"column":9}},"type":"if","locations":[{"start":{"line":274,"column":15},"end":{"line":280,"column":9}},{"start":{"line":277,"column":15},"end":{"line":280,"column":9}}],"line":274},"14":{"loc":{"start":{"line":302,"column":6},"end":{"line":302,"column":35}},"type":"if","locations":[{"start":{"line":302,"column":6},"end":{"line":302,"column":35}},{"start":{},"end":{}}],"line":302},"15":{"loc":{"start":{"line":304,"column":21},"end":{"line":304,"column":74}},"type":"cond-expr","locations":[{"start":{"line":304,"column":53},"end":{"line":304,"column":70}},{"start":{"line":304,"column":73},"end":{"line":304,"column":74}}],"line":304},"16":{"loc":{"start":{"line":304,"column":21},"end":{"line":304,"column":50}},"type":"binary-expr","locations":[{"start":{"line":304,"column":21},"end":{"line":304,"column":28}},{"start":{"line":304,"column":32},"end":{"line":304,"column":50}}],"line":304},"17":{"loc":{"start":{"line":314,"column":16},"end":{"line":314,"column":33}},"type":"binary-expr","locations":[{"start":{"line":314,"column":16},"end":{"line":314,"column":27}},{"start":{"line":314,"column":31},"end":{"line":314,"column":33}}],"line":314},"18":{"loc":{"start":{"line":317,"column":6},"end":{"line":321,"column":7}},"type":"if","locations":[{"start":{"line":317,"column":6},"end":{"line":321,"column":7}},{"start":{"line":319,"column":13},"end":{"line":321,"column":7}}],"line":317},"19":{"loc":{"start":{"line":340,"column":6},"end":{"line":343,"column":7}},"type":"if","locations":[{"start":{"line":340,"column":6},"end":{"line":343,"column":7}},{"start":{},"end":{}}],"line":340},"20":{"loc":{"start":{"line":340,"column":10},"end":{"line":340,"column":33}},"type":"binary-expr","locations":[{"start":{"line":340,"column":10},"end":{"line":340,"column":20}},{"start":{"line":340,"column":24},"end":{"line":340,"column":33}}],"line":340},"21":{"loc":{"start":{"line":347,"column":27},"end":{"line":347,"column":46}},"type":"binary-expr","locations":[{"start":{"line":347,"column":27},"end":{"line":347,"column":40}},{"start":{"line":347,"column":44},"end":{"line":347,"column":46}}],"line":347},"22":{"loc":{"start":{"line":348,"column":22},"end":{"line":348,"column":39}},"type":"binary-expr","locations":[{"start":{"line":348,"column":22},"end":{"line":348,"column":33}},{"start":{"line":348,"column":37},"end":{"line":348,"column":39}}],"line":348},"23":{"loc":{"start":{"line":360,"column":6},"end":{"line":364,"column":7}},"type":"if","locations":[{"start":{"line":360,"column":6},"end":{"line":364,"column":7}},{"start":{"line":362,"column":13},"end":{"line":364,"column":7}}],"line":360},"24":{"loc":{"start":{"line":395,"column":6},"end":{"line":397,"column":7}},"type":"if","locations":[{"start":{"line":395,"column":6},"end":{"line":397,"column":7}},{"start":{},"end":{}}],"line":395},"25":{"loc":{"start":{"line":409,"column":4},"end":{"line":409,"column":23}},"type":"if","locations":[{"start":{"line":409,"column":4},"end":{"line":409,"column":23}},{"start":{},"end":{}}],"line":409},"26":{"loc":{"start":{"line":436,"column":4},"end":{"line":439,"column":5}},"type":"if","locations":[{"start":{"line":436,"column":4},"end":{"line":439,"column":5}},{"start":{},"end":{}}],"line":436}},"s":{"0":0,"1":0,"2":0,"3":0,"4":0,"5":0,"6":0,"7":0,"8":0,"9":0,"10":0,"11":0,"12":0,"13":0,"14":0,"15":0,"16":0,"17":0,"18":0,"19":0,"20":0,"21":0,"22":0,"23":0,"24":0,"25":0,"26":0,"27":0,"28":0,"29":0,"30":0,"31":0,"32":0,"33":0,"34":0,"35":0,"36":0,"37":0,"38":0,"39":0,"40":0,"41":0,"42":0,"43":0,"44":0,"45":0,"46":0,"47":0,"48":0,"49":0,"50":0,"51":0,"52":0,"53":0,"54":0,"55":0,"56":0,"57":0,"58":0,"59":0,"60":0,"61":0,"62":0,"63":0,"64":0,"65":0,"66":0,"67":0,"68":0,"69":0,"70":0,"71":0,"72":0,"73":0,"74":0,"75":0,"76":0,"77":0,"78":0,"79":0,"80":0,"81":0,"82":0,"83":0,"84":0,"85":0,"86":0,"87":0,"88":0,"89":0,"90":0,"91":0,"92":0,"93":0,"94":0,"95":0,"96":0,"97":0,"98":0,"99":0,"100":0,"101":0,"102":0,"103":0,"104":0,"105":0,"106":0,"107":0,"108":0,"109":0,"110":0,"111":0,"112":0,"113":0,"114":0,"115":0,"116":0,"117":0,"118":0,"119":0,"120":0,"121":0,"122":0,"123":0,"124":0,"125":0,"126":0,"127":0,"128":0,"129":0,"130":0,"131":0,"132":0,"133":0,"134":0,"135":0,"136":0,"137":0,"138":0,"139":0,"140":0,"141":0,"142":0,"143":0,"144":0,"145":0,"146":0,"147":0,"148":0,"149":0,"150":0,"151":0,"152":0,"153":0,"154":0,"155":0,"156":0,"157":0,"158":0,"159":0,"160":0,"161":0,"162":0,"163":0,"164":0,"165":0,"166":0,"167":0,"168":0,"169":0,"170":0,"171":0,"172":0,"173":0,"174":0},"f":{"0":0,"1":0,"2":0,"3":0,"4":0,"5":0,"6":0,"7":0,"8":0,"9":0,"10":0,"11":0,"12":0,"13":0,"14":0,"15":0,"16":0,"17":0,"18":0,"19":0,"20":0,"21":0},"b":{"0":[0,0],"1":[0,0],"2":[0,0],"3":[0,0],"4":[0,0],"5":[0,0],"6":[0,0],"7":[0,0],"8":[0,0],"9":[0,0],"10":[0,0],"11":[0,0],"12":[0,0],"13":[0,0],"14":[0,0],"15":[0,0],"16":[0,0],"17":[0,0],"18":[0,0],"19":[0,0],"20":[0,0],"21":[0,0],"22":[0,0],"23":[0,0],"24":[0,0],"25":[0,0],"26":[0,0]}}
,"/Users/stevenekahalim/apex-assistant/src/v3/mentionDetector.js": {"path":"/Users/stevenekahalim/apex-assistant/src/v3/mentionDetector.js","statementMap":{"0":{"start":{"line":10,"column":4},"end":{"line":10,"column":42}},"1":{"start":{"line":13,"column":4},"end":{"line":23,"column":6}},"2":{"start":{"line":32,"column":4},"end":{"line":34,"column":5}},"3":{"start":{"line":33,"column":6},"end":{"line":33,"column":19}},"4":{"start":{"line":37,"column":4},"end":{"line":41,"column":5}},"5":{"start":{"line":38,"column":6},"end":{"line":40,"column":7}},"6":{"start":{"line":39,"column":8},"end":{"line":39,"column":20}},"7":{"start":{"line":43,"column":4},"end":{"line":43,"column":17}},"8":{"start":{"line":54,"column":4},"end":{"line":54,"column":58}},"9":{"start":{"line":64,"column":4},"end":{"line":66,"column":5}},"10":{"start":{"line":65,"column":6},"end":{"line":65,"column":18}},"11":{"start":{"line":69,"column":4},"end":{"line":74,"column":5}},"12":{"start":{"line":71,"column":6},"end":{"line":73,"column":7}},"13":{"start":{"line":72,"column":8},"end":{"line":72,"column":20}},"14":{"start":{"line":77,"column":4},"end":{"line":77,"column":44}},"15":{"start":{"line":81,"column":0},"end":{"line":81,"column":33}}},"fnMap":{"0":{"name":"(anonymous_0)","decl":{"start":{"line":8,"column":2},"end":{"line":8,"column":3}},"loc":{"start":{"line":8,"column":16},"end":{"line":24,"column":3}},"line":8},"1":{"name":"(anonymous_1)","decl":{"start":{"line":31,"column":2},"end":{"line":31,"column":3}},"loc":{"start":{"line":31,"column":29},"end":{"line":44,"column":3}},"line":31},"2":{"name":"(anonymous_2)","decl":{"start":{"line":51,"column":2},"end":{"line":51,"column":3}},"loc":{"start":{"line":51,"column":27},"end":{"line":55,"column":3}},"line":51},"3":{"name":"(anonymous_3)","decl":{"start":{"line":62,"column":2},"end":{"line":62,"column":3}},"loc":{"start":{"line":62,"column":25},"end":{"line":78,"column":3}},"line":62}},"branchMap":{"0":{"loc":{"start":{"line":32,"column":4},"end":{"line":34,"column":5}},"type":"if","locations":[{"start":{"line":32,"column":4},"end":{"line":34,"column":5}},{"start":{},"end":{}}],"line":32},"1":{"loc":{"start":{"line":32,"column":8},"end":{"line":32,"column":55}},"type":"binary-expr","locations":[{"start":{"line":32,"column":8},"end":{"line":32,"column":20}},{"start":{"line":32,"column":24},"end":{"line":32,"column":55}}],"line":32},"2":{"loc":{"start":{"line":38,"column":6},"end":{"line":40,"column":7}},"type":"if","locations":[{"start":{"line":38,"column":6},"end":{"line":40,"column":7}},{"start":{},"end":{}}],"line":38},"3":{"loc":{"start":{"line":54,"column":11},"end":{"line":54,"column":57}},"type":"binary-expr","locations":[{"start":{"line":54,"column":11},"end":{"line":54,"column":23}},{"start":{"line":54,"column":27},"end":{"line":54,"column":57}}],"line":54},"4":{"loc":{"start":{"line":64,"column":4},"end":{"line":66,"column":5}},"type":"if","locations":[{"start":{"line":64,"column":4},"end":{"line":66,"column":5}},{"start":{},"end":{}}],"line":64},"5":{"loc":{"start":{"line":69,"column":4},"end":{"line":74,"column":5}},"type":"if","locations":[{"start":{"line":69,"column":4},"end":{"line":74,"column":5}},{"start":{},"end":{}}],"line":69},"6":{"loc":{"start":{"line":69,"column":8},"end":{"line":69,"column":102}},"type":"binary-expr","locations":[{"start":{"line":69,"column":8},"end":{"line":69,"column":28}},{"start":{"line":69,"column":32},"end":{"line":69,"column":67}},{"start":{"line":69,"column":71},"end":{"line":69,"column":102}}],"line":69},"7":{"loc":{"start":{"line":71,"column":6},"end":{"line":73,"column":7}},"type":"if","locations":[{"start":{"line":71,"column":6},"end":{"line":73,"column":7}},{"start":{},"end":{}}],"line":71}},"s":{"0":0,"1":0,"2":0,"3":0,"4":0,"5":0,"6":0,"7":0,"8":0,"9":0,"10":0,"11":0,"12":0,"13":0,"14":0,"15":0},"f":{"0":0,"1":0,"2":0,"3":0},"b":{"0":[0,0],"1":[0,0],"2":[0,0],"3":[0,0],"4":[0,0],"5":[0,0],"6":[0,0,0],"7":[0,0]}}
,"/Users/stevenekahalim/apex-assistant/src/v3/messageHandler.js": {"path":"/Users/stevenekahalim/apex-assistant/src/v3/messageHandler.js","statementMap":{"0":{"start":{"line":7,"column":15},"end":{"line":7,"column":41}},"1":{"start":{"line":8,"column":22},"end":{"line":8,"column":48}},"2":{"start":{"line":9,"column":26},"end":{"line":9,"column":56}},"3":{"start":{"line":10,"column":24},"end":{"line":10,"column":52}},"4":{"start":{"line":11,"column":17},"end":{"line":11,"column":37}},"5":{"start":{"line":15,"column":4},"end":{"line":15,"column":47}},"6":{"start":{"line":16,"column":4},"end":{"line":16,"column":59}},"7":{"start":{"line":17,"column":4},"end":{"line":17,"column":53}},"8":{"start":{"line":18,"column":4},"end":{"line":18,"column":49}},"9":{"start":{"line":21,"column":4},"end":{"line":24,"column":6}},"10":{"start":{"line":34,"column":4},"end":{"line":96,"column":5}},"11":{"start":{"line":35,"column":26},"end":{"line":35,"column":38}},"12":{"start":{"line":36,"column":21},"end":{"line":36,"column":33}},"13":{"start":{"line":37,"column":23},"end":{"line":37,"column":55}},"14":{"start":{"line":39,"column":6},"end":{"line":39,"column":98}},"15":{"start":{"line":42,"column":27},"end":{"line":42,"column":72}},"16":{"start":{"line":44,"column":6},"end":{"line":47,"column":7}},"17":{"start":{"line":45,"column":8},"end":{"line":45,"column":62}},"18":{"start":{"line":46,"column":8},"end":{"line":46,"column":54}},"19":{"start":{"line":50,"column":6},"end":{"line":53,"column":7}},"20":{"start":{"line":51,"column":8},"end":{"line":51,"column":74}},"21":{"start":{"line":52,"column":8},"end":{"line":52,"column":54}},"22":{"start":{"line":56,"column":28},"end":{"line":56,"column":71}},"23":{"start":{"line":58,"column":6},"end":{"line":61,"column":7}},"24":{"start":{"line":59,"column":8},"end":{"line":59,"column":58}},"25":{"start":{"line":60,"column":8},"end":{"line":60,"column":54}},"26":{"start":{"line":63,"column":6},"end":{"line":63,"column":66}},"27":{"start":{"line":66,"column":28},"end":{"line":66,"column":53}},"28":{"start":{"line":67,"column":22},"end":{"line":71,"column":8}},"29":{"start":{"line":74,"column":23},"end":{"line":81,"column":7}},"30":{"start":{"line":83,"column":6},"end":{"line":83,"column":81}},"31":{"start":{"line":85,"column":6},"end":{"line":88,"column":8}},"32":{"start":{"line":91,"column":6},"end":{"line":91,"column":59}},"33":{"start":{"line":92,"column":6},"end":{"line":95,"column":8}},"34":{"start":{"line":104,"column":4},"end":{"line":167,"column":5}},"35":{"start":{"line":105,"column":21},"end":{"line":105,"column":33}},"36":{"start":{"line":106,"column":23},"end":{"line":106,"column":55}},"37":{"start":{"line":107,"column":25},"end":{"line":107,"column":83}},"38":{"start":{"line":108,"column":27},"end":{"line":108,"column":57}},"39":{"start":{"line":109,"column":24},"end":{"line":109,"column":36}},"40":{"start":{"line":110,"column":24},"end":{"line":110,"column":58}},"41":{"start":{"line":113,"column":28},"end":{"line":113,"column":75}},"42":{"start":{"line":116,"column":22},"end":{"line":116,"column":51}},"43":{"start":{"line":117,"column":29},"end":{"line":117,"column":81}},"44":{"start":{"line":120,"column":23},"end":{"line":120,"column":48}},"45":{"start":{"line":121,"column":24},"end":{"line":121,"column":54}},"46":{"start":{"line":124,"column":6},"end":{"line":134,"column":7}},"47":{"start":{"line":125,"column":24},"end":{"line":125,"column":62}},"48":{"start":{"line":126,"column":8},"end":{"line":133,"column":9}},"49":{"start":{"line":128,"column":26},"end":{"line":128,"column":43}},"50":{"start":{"line":129,"column":10},"end":{"line":131,"column":42}},"51":{"start":{"line":132,"column":10},"end":{"line":132,"column":78}},"52":{"start":{"line":136,"column":26},"end":{"line":148,"column":7}},"53":{"start":{"line":150,"column":30},"end":{"line":154,"column":17}},"54":{"start":{"line":156,"column":6},"end":{"line":159,"column":7}},"55":{"start":{"line":157,"column":8},"end":{"line":157,"column":58}},"56":{"start":{"line":158,"column":8},"end":{"line":158,"column":20}},"57":{"start":{"line":161,"column":6},"end":{"line":161,"column":52}},"58":{"start":{"line":162,"column":6},"end":{"line":162,"column":18}},"59":{"start":{"line":165,"column":6},"end":{"line":165,"column":57}},"60":{"start":{"line":166,"column":6},"end":{"line":166,"column":18}},"61":{"start":{"line":177,"column":4},"end":{"line":193,"column":5}},"62":{"start":{"line":178,"column":25},"end":{"line":178,"column":35}},"63":{"start":{"line":179,"column":6},"end":{"line":179,"column":57}},"64":{"start":{"line":181,"column":31},"end":{"line":185,"column":51}},"65":{"start":{"line":187,"column":6},"end":{"line":187,"column":29}},"66":{"start":{"line":187,"column":17},"end":{"line":187,"column":29}},"67":{"start":{"line":189,"column":6},"end":{"line":189,"column":24}},"68":{"start":{"line":191,"column":6},"end":{"line":191,"column":70}},"69":{"start":{"line":192,"column":6},"end":{"line":192,"column":15}},"70":{"start":{"line":203,"column":4},"end":{"line":222,"column":5}},"71":{"start":{"line":204,"column":25},"end":{"line":204,"column":35}},"72":{"start":{"line":205,"column":6},"end":{"line":205,"column":57}},"73":{"start":{"line":207,"column":30},"end":{"line":211,"column":51}},"74":{"start":{"line":213,"column":6},"end":{"line":213,"column":29}},"75":{"start":{"line":213,"column":17},"end":{"line":213,"column":29}},"76":{"start":{"line":216,"column":27},"end":{"line":216,"column":69}},"77":{"start":{"line":216,"column":53},"end":{"line":216,"column":66}},"78":{"start":{"line":217,"column":6},"end":{"line":217,"column":26}},"79":{"start":{"line":220,"column":6},"end":{"line":220,"column":69}},"80":{"start":{"line":221,"column":6},"end":{"line":221,"column":16}},"81":{"start":{"line":232,"column":4},"end":{"line":283,"column":5}},"82":{"start":{"line":234,"column":6},"end":{"line":234,"column":56}},"83":{"start":{"line":235,"column":20},"end":{"line":235,"column":49}},"84":{"start":{"line":237,"column":6},"end":{"line":240,"column":7}},"85":{"start":{"line":238,"column":8},"end":{"line":238,"column":52}},"86":{"start":{"line":239,"column":8},"end":{"line":239,"column":20}},"87":{"start":{"line":243,"column":23},"end":{"line":243,"column":43}},"88":{"start":{"line":244,"column":6},"end":{"line":247,"column":7}},"89":{"start":{"line":245,"column":8},"end":{"line":245,"column":83}},"90":{"start":{"line":246,"column":8},"end":{"line":246,"column":20}},"91":{"start":{"line":250,"column":24},"end":{"line":250,"column":57}},"92":{"start":{"line":253,"column":27},"end":{"line":253,"column":59}},"93":{"start":{"line":254,"column":6},"end":{"line":257,"column":7}},"94":{"start":{"line":255,"column":8},"end":{"line":255,"column":94}},"95":{"start":{"line":256,"column":8},"end":{"line":256,"column":119}},"96":{"start":{"line":260,"column":6},"end":{"line":260,"column":49}},"97":{"start":{"line":261,"column":22},"end":{"line":261,"column":47}},"98":{"start":{"line":263,"column":28},"end":{"line":263,"column":47}},"99":{"start":{"line":264,"column":24},"end":{"line":264,"column":40}},"100":{"start":{"line":266,"column":6},"end":{"line":269,"column":7}},"101":{"start":{"line":267,"column":8},"end":{"line":267,"column":85}},"102":{"start":{"line":268,"column":8},"end":{"line":268,"column":131}},"103":{"start":{"line":272,"column":24},"end":{"line":272,"column":29}},"104":{"start":{"line":273,"column":24},"end":{"line":275,"column":23}},"105":{"start":{"line":277,"column":6},"end":{"line":277,"column":107}},"106":{"start":{"line":278,"column":6},"end":{"line":278,"column":95}},"107":{"start":{"line":281,"column":6},"end":{"line":281,"column":72}},"108":{"start":{"line":282,"column":6},"end":{"line":282,"column":57}},"109":{"start":{"line":287,"column":0},"end":{"line":287,"column":32}}},"fnMap":{"0":{"name":"(anonymous_0)","decl":{"start":{"line":14,"column":2},"end":{"line":14,"column":3}},"loc":{"start":{"line":14,"column":30},"end":{"line":25,"column":3}},"line":14},"1":{"name":"(anonymous_1)","decl":{"start":{"line":33,"column":2},"end":{"line":33,"column":3}},"loc":{"start":{"line":33,"column":49},"end":{"line":97,"column":3}},"line":33},"2":{"name":"(anonymous_2)","decl":{"start":{"line":103,"column":2},"end":{"line":103,"column":3}},"loc":{"start":{"line":103,"column":43},"end":{"line":168,"column":3}},"line":103},"3":{"name":"(anonymous_3)","decl":{"start":{"line":176,"column":2},"end":{"line":176,"column":3}},"loc":{"start":{"line":176,"column":49},"end":{"line":194,"column":3}},"line":176},"4":{"name":"(anonymous_4)","decl":{"start":{"line":202,"column":2},"end":{"line":202,"column":3}},"loc":{"start":{"line":202,"column":49},"end":{"line":223,"column":3}},"line":202},"5":{"name":"(anonymous_5)","decl":{"start":{"line":216,"column":48},"end":{"line":216,"column":49}},"loc":{"start":{"line":216,"column":53},"end":{"line":216,"column":66}},"line":216},"6":{"name":"(anonymous_6)","decl":{"start":{"line":231,"column":2},"end":{"line":231,"column":3}},"loc":{"start":{"line":231,"column":36},"end":{"line":284,"column":3}},"line":231}},"branchMap":{"0":{"loc":{"start":{"line":33,"column":31},"end":{"line":33,"column":47}},"type":"default-arg","locations":[{"start":{"line":33,"column":45},"end":{"line":33,"column":47}}],"line":33},"1":{"loc":{"start":{"line":37,"column":23},"end":{"line":37,"column":55}},"type":"binary-expr","locations":[{"start":{"line":37,"column":23},"end":{"line":37,"column":39}},{"start":{"line":37,"column":43},"end":{"line":37,"column":55}}],"line":37},"2":{"loc":{"start":{"line":44,"column":6},"end":{"line":47,"column":7}},"type":"if","locations":[{"start":{"line":44,"column":6},"end":{"line":47,"column":7}},{"start":{},"end":{}}],"line":44},"3":{"loc":{"start":{"line":50,"column":6},"end":{"line":53,"column":7}},"type":"if","locations":[{"start":{"line":50,"column":6},"end":{"line":53,"column":7}},{"start":{},"end":{}}],"line":50},"4":{"loc":{"start":{"line":58,"column":6},"end":{"line":61,"column":7}},"type":"if","locations":[{"start":{"line":58,"column":6},"end":{"line":61,"column":7}},{"start":{},"end":{}}],"line":58},"5":{"loc":{"start":{"line":78,"column":16},"end":{"line":78,"column":56}},"type":"binary-expr","locations":[{"start":{"line":78,"column":16},"end":{"line":78,"column":40}},{"start":{"line":78,"column":44},"end":{"line":78,"column":56}}],"line":78},"6":{"loc":{"start":{"line":79,"column":23},"end":{"line":79,"column":63}},"type":"binary-expr","locations":[{"start":{"line":79,"column":23},"end":{"line":79,"column":47}},{"start":{"line":79,"column":51},"end":{"line":79,"column":63}}],"line":79},"7":{"loc":{"start":{"line":106,"column":23},"end":{"line":106,"column":55}},"type":"binary-expr","locations":[{"start":{"line":106,"column":23},"end":{"line":106,"column":39}},{"start":{"line":106,"column":43},"end":{"line":106,"column":55}}],"line":106},"8":{"loc":{"start":{"line":107,"column":25},"end":{"line":107,"column":83}},"type":"binary-expr","locations":[{"start":{"line":107,"column":25},"end":{"line":107,"column":49}},{"start":{"line":107,"column":53},"end":{"line":107,"column":67}},{"start":{"line":107,"column":71},"end":{"line":107,"column":83}}],"line":107},"9":{"loc":{"start":{"line":108,"column":27},"end":{"line":108,"column":57}},"type":"binary-expr","locations":[{"start":{"line":108,"column":27},"end":{"line":108,"column":41}},{"start":{"line":108,"column":45},"end":{"line":108,"column":57}}],"line":108},"10":{"loc":{"start":{"line":116,"column":22},"end":{"line":116,"column":51}},"type":"binary-expr","locations":[{"start":{"line":116,"column":22},"end":{"line":116,"column":42}},{"start":{"line":116,"column":46},"end":{"line":116,"column":51}}],"line":116},"11":{"loc":{"start":{"line":117,"column":29},"end":{"line":117,"column":81}},"type":"cond-expr","locations":[{"start":{"line":117,"column":39},"end":{"line":117,"column":74}},{"start":{"line":117,"column":77},"end":{"line":117,"column":81}}],"line":117},"12":{"loc":{"start":{"line":117,"column":39},"end":{"line":117,"column":74}},"type":"binary-expr","locations":[{"start":{"line":117,"column":39},"end":{"line":117,"column":66}},{"start":{"line":117,"column":70},"end":{"line":117,"column":74}}],"line":117},"13":{"loc":{"start":{"line":120,"column":23},"end":{"line":120,"column":48}},"type":"binary-expr","locations":[{"start":{"line":120,"column":23},"end":{"line":120,"column":39}},{"start":{"line":120,"column":43},"end":{"line":120,"column":48}}],"line":120},"14":{"loc":{"start":{"line":121,"column":24},"end":{"line":121,"column":54}},"type":"cond-expr","locations":[{"start":{"line":121,"column":35},"end":{"line":121,"column":47}},{"start":{"line":121,"column":50},"end":{"line":121,"column":54}}],"line":121},"15":{"loc":{"start":{"line":124,"column":6},"end":{"line":134,"column":7}},"type":"if","locations":[{"start":{"line":124,"column":6},"end":{"line":134,"column":7}},{"start":{},"end":{}}],"line":124},"16":{"loc":{"start":{"line":124,"column":10},"end":{"line":124,"column":46}},"type":"binary-expr","locations":[{"start":{"line":124,"column":10},"end":{"line":124,"column":18}},{"start":{"line":124,"column":22},"end":{"line":124,"column":46}}],"line":124},"17":{"loc":{"start":{"line":126,"column":8},"end":{"line":133,"column":9}},"type":"if","locations":[{"start":{"line":126,"column":8},"end":{"line":133,"column":9}},{"start":{},"end":{}}],"line":126},"18":{"loc":{"start":{"line":128,"column":26},"end":{"line":128,"column":43}},"type":"binary-expr","locations":[{"start":{"line":128,"column":26},"end":{"line":128,"column":37}},{"start":{"line":128,"column":41},"end":{"line":128,"column":43}}],"line":128},"19":{"loc":{"start":{"line":129,"column":24},"end":{"line":131,"column":41}},"type":"cond-expr","locations":[{"start":{"line":130,"column":14},"end":{"line":130,"column":55}},{"start":{"line":131,"column":14},"end":{"line":131,"column":41}}],"line":129},"20":{"loc":{"start":{"line":156,"column":6},"end":{"line":159,"column":7}},"type":"if","locations":[{"start":{"line":156,"column":6},"end":{"line":159,"column":7}},{"start":{},"end":{}}],"line":156},"21":{"loc":{"start":{"line":176,"column":38},"end":{"line":176,"column":47}},"type":"default-arg","locations":[{"start":{"line":176,"column":46},"end":{"line":176,"column":47}}],"line":176},"22":{"loc":{"start":{"line":187,"column":6},"end":{"line":187,"column":29}},"type":"if","locations":[{"start":{"line":187,"column":6},"end":{"line":187,"column":29}},{"start":{},"end":{}}],"line":187},"23":{"loc":{"start":{"line":189,"column":13},"end":{"line":189,"column":23}},"type":"binary-expr","locations":[{"start":{"line":189,"column":13},"end":{"line":189,"column":18}},{"start":{"line":189,"column":22},"end":{"line":189,"column":23}}],"line":189},"24":{"loc":{"start":{"line":202,"column":38},"end":{"line":202,"column":47}},"type":"default-arg","locations":[{"start":{"line":202,"column":46},"end":{"line":202,"column":47}}],"line":202},"25":{"loc":{"start":{"line":213,"column":6},"end":{"line":213,"column":29}},"type":"if","locations":[{"start":{"line":213,"column":6},"end":{"line":213,"column":29}},{"start":{},"end":{}}],"line":213},"26":{"loc":{"start":{"line":237,"column":6},"end":{"line":240,"column":7}},"type":"if","locations":[{"start":{"line":237,"column":6},"end":{"line":240,"column":7}},{"start":{},"end":{}}],"line":237},"27":{"loc":{"start":{"line":237,"column":10},"end":{"line":237,"column":31}},"type":"binary-expr","locations":[{"start":{"line":237,"column":10},"end":{"line":237,"column":16}},{"start":{"line":237,"column":20},"end":{"line":237,"column":31}}],"line":237},"28":{"loc":{"start":{"line":243,"column":23},"end":{"line":243,"column":43}},"type":"binary-expr","locations":[{"start":{"line":243,"column":23},"end":{"line":243,"column":37}},{"start":{"line":243,"column":41},"end":{"line":243,"column":43}}],"line":243},"29":{"loc":{"start":{"line":244,"column":6},"end":{"line":247,"column":7}},"type":"if","locations":[{"start":{"line":244,"column":6},"end":{"line":247,"column":7}},{"start":{},"end":{}}],"line":244},"30":{"loc":{"start":{"line":254,"column":6},"end":{"line":257,"column":7}},"type":"if","locations":[{"start":{"line":254,"column":6},"end":{"line":257,"column":7}},{"start":{},"end":{}}],"line":254},"31":{"loc":{"start":{"line":256,"column":29},"end":{"line":256,"column":61}},"type":"binary-expr","locations":[{"start":{"line":256,"column":29},"end":{"line":256,"column":43}},{"start":{"line":256,"column":47},"end":{"line":256,"column":61}}],"line":256},"32":{"loc":{"start":{"line":266,"column":6},"end":{"line":269,"column":7}},"type":"if","locations":[{"start":{"line":266,"column":6},"end":{"line":269,"column":7}},{"start":{},"end":{}}],"line":266},"33":{"loc":{"start":{"line":266,"column":10},"end":{"line":266,"column":53}},"type":"binary-expr","locations":[{"start":{"line":266,"column":10},"end":{"line":266,"column":24}},{"start":{"line":266,"column":28},"end":{"line":266,"column":53}}],"line":266},"34":{"loc":{"start":{"line":268,"column":29},"end":{"line":268,"column":61}},"type":"binary-expr","locations":[{"start":{"line":268,"column":29},"end":{"line":268,"column":43}},{"start":{"line":268,"column":47},"end":{"line":268,"column":61}}],"line":268},"35":{"loc":{"start":{"line":273,"column":24},"end":{"line":275,"column":23}},"type":"cond-expr","locations":[{"start":{"line":274,"column":10},"end":{"line":274,"column":97}},{"start":{"line":275,"column":10},"end":{"line":275,"column":23}}],"line":273},"36":{"loc":{"start":{"line":278,"column":22},"end":{"line":278,"column":54}},"type":"binary-expr","locations":[{"start":{"line":278,"column":22},"end":{"line":278,"column":36}},{"start":{"line":278,"column":40},"end":{"line":278,"column":54}}],"line":278}},"s":{"0":0,"1":0,"2":0,"3":0,"4":0,"5":0,"6":0,"7":0,"8":0,"9":0,"10":0,"11":0,"12":0,"13":0,"14":0,"15":0,"16":0,"17":0,"18":0,"19":0,"20":0,"21":0,"22":0,"23":0,"24":0,"25":0,"26":0,"27":0,"28":0,"29":0,"30":0,"31":0,"32":0,"33":0,"34":0,"35":0,"36":0,"37":0,"38":0,"39":0,"40":0,"41":0,"42":0,"43":0,"44":0,"45":0,"46":0,"47":0,"48":0,"49":0,"50":0,"51":0,"52":0,"53":0,"54":0,"55":0,"56":0,"57":0,"58":0,"59":0,"60":0,"61":0,"62":0,"63":0,"64":0,"65":0,"66":0,"67":0,"68":0,"69":0,"70":0,"71":0,"72":0,"73":0,"74":0,"75":0,"76":0,"77":0,"78":0,"79":0,"80":0,"81":0,"82":0,"83":0,"84":0,"85":0,"86":0,"87":0,"88":0,"89":0,"90":0,"91":0,"92":0,"93":0,"94":0,"95":0,"96":0,"97":0,"98":0,"99":0,"100":0,"101":0,"102":0,"103":0,"104":0,"105":0,"106":0,"107":0,"108":0,"109":0},"f":{"0":0,"1":0,"2":0,"3":0,"4":0,"5":0,"6":0},"b":{"0":[0],"1":[0,0],"2":[0,0],"3":[0,0],"4":[0,0],"5":[0,0],"6":[0,0],"7":[0,0],"8":[0,0,0],"9":[0,0],"10":[0,0],"11":[0,0],"12":[0,0],"13":[0,0],"14":[0,0],"15":[0,0],"16":[0,0],"17":[0,0],"18":[0,0],"19":[0,0],"20":[0,0],"21":[0],"22":[0,0],"23":[0,0],"24":[0],"25":[0,0],"26":[0,0],"27":[0,0],"28":[0,0],"29":[0,0],"30":[0,0],"31":[0,0],"32":[0,0],"33":[0,0],"34":[0,0],"35":[0,0],"36":[0,0]}}
,"/Users/stevenekahalim/apex-assistant/src/v3/responseGenerator.js": {"path":"/Users/stevenekahalim/apex-assistant/src/v3/responseGenerator.js","statementMap":{"0":{"start":{"line":7,"column":18},"end":{"line":7,"column":46}},"1":{"start":{"line":8,"column":15},"end":{"line":8,"column":41}},"2":{"start":{"line":9,"column":20},"end":{"line":9,"column":50}},"3":{"start":{"line":13,"column":4},"end":{"line":15,"column":7}},"4":{"start":{"line":18,"column":4},"end":{"line":18,"column":53}},"5":{"start":{"line":19,"column":4},"end":{"line":19,"column":26}},"6":{"start":{"line":22,"column":4},"end":{"line":28,"column":6}},"7":{"start":{"line":39,"column":4},"end":{"line":78,"column":5}},"8":{"start":{"line":40,"column":6},"end":{"line":40,"column":94}},"9":{"start":{"line":43,"column":44},"end":{"line":43,"column":103}},"10":{"start":{"line":46,"column":27},"end":{"line":46,"column":49}},"11":{"start":{"line":47,"column":28},"end":{"line":47,"column":59}},"12":{"start":{"line":49,"column":6},"end":{"line":49,"column":102}},"13":{"start":{"line":52,"column":24},"end":{"line":52,"column":34}},"14":{"start":{"line":53,"column":25},"end":{"line":61,"column":8}},"15":{"start":{"line":63,"column":23},"end":{"line":63,"column":45}},"16":{"start":{"line":64,"column":23},"end":{"line":64,"column":56}},"17":{"start":{"line":67,"column":6},"end":{"line":67,"column":77}},"18":{"start":{"line":69,"column":6},"end":{"line":69,"column":101}},"19":{"start":{"line":71,"column":6},"end":{"line":71,"column":22}},"20":{"start":{"line":74,"column":6},"end":{"line":74,"column":59}},"21":{"start":{"line":77,"column":6},"end":{"line":77,"column":56}},"22":{"start":{"line":87,"column":4},"end":{"line":87,"column":40}},"23":{"start":{"line":95,"column":18},"end":{"line":95,"column":34}},"24":{"start":{"line":96,"column":4},"end":{"line":96,"column":23}},"25":{"start":{"line":96,"column":16},"end":{"line":96,"column":23}},"26":{"start":{"line":98,"column":20},"end":{"line":98,"column":95}},"27":{"start":{"line":101,"column":24},"end":{"line":101,"column":42}},"28":{"start":{"line":102,"column":25},"end":{"line":102,"column":44}},"29":{"start":{"line":103,"column":24},"end":{"line":103,"column":50}},"30":{"start":{"line":105,"column":22},"end":{"line":105,"column":58}},"31":{"start":{"line":106,"column":23},"end":{"line":106,"column":61}},"32":{"start":{"line":107,"column":22},"end":{"line":107,"column":44}},"33":{"start":{"line":109,"column":4},"end":{"line":109,"column":74}},"34":{"start":{"line":110,"column":4},"end":{"line":110,"column":51}},"35":{"start":{"line":111,"column":4},"end":{"line":111,"column":69}},"36":{"start":{"line":112,"column":4},"end":{"line":112,"column":64}},"37":{"start":{"line":113,"column":4},"end":{"line":113,"column":66}},"38":{"start":{"line":114,"column":4},"end":{"line":114,"column":64}},"39":{"start":{"line":115,"column":4},"end":{"line":115,"column":59}},"40":{"start":{"line":116,"column":4},"end":{"line":116,"column":145}},"41":{"start":{"line":117,"column":4},"end":{"line":117,"column":74}},"42":{"start":{"line":126,"column":23},"end":{"line":126,"column":34}},"43":{"start":{"line":129,"column":22},"end":{"line":129,"column":24}},"44":{"start":{"line":132,"column":4},"end":{"line":155,"column":5}},"45":{"start":{"line":133,"column":27},"end":{"line":133,"column":76}},"46":{"start":{"line":136,"column":30},"end":{"line":137,"column":86}},"47":{"start":{"line":139,"column":6},"end":{"line":154,"column":7}},"48":{"start":{"line":140,"column":8},"end":{"line":146,"column":2}},"49":{"start":{"line":148,"column":25},"end":{"line":148,"column":110}},"50":{"start":{"line":149,"column":8},"end":{"line":153,"column":2}},"51":{"start":{"line":158,"column":4},"end":{"line":169,"column":5}},"52":{"start":{"line":159,"column":25},"end":{"line":159,"column":78}},"53":{"start":{"line":160,"column":6},"end":{"line":168,"column":2}},"54":{"start":{"line":172,"column":23},"end":{"line":172,"column":74}},"55":{"start":{"line":173,"column":4},"end":{"line":175,"column":18}},"56":{"start":{"line":177,"column":4},"end":{"line":177,"column":41}},"57":{"start":{"line":186,"column":28},"end":{"line":187,"column":71}},"58":{"start":{"line":189,"column":4},"end":{"line":202,"column":5}},"59":{"start":{"line":191,"column":6},"end":{"line":201,"column":20}},"60":{"start":{"line":194,"column":22},"end":{"line":194,"column":76}},"61":{"start":{"line":195,"column":8},"end":{"line":199,"column":9}},"62":{"start":{"line":196,"column":43},"end":{"line":196,"column":48}},"63":{"start":{"line":197,"column":23},"end":{"line":197,"column":37}},"64":{"start":{"line":198,"column":10},"end":{"line":198,"column":74}},"65":{"start":{"line":200,"column":8},"end":{"line":200,"column":50}},"66":{"start":{"line":205,"column":4},"end":{"line":220,"column":18}},"67":{"start":{"line":206,"column":19},"end":{"line":211,"column":8}},"68":{"start":{"line":213,"column":19},"end":{"line":213,"column":49}},"69":{"start":{"line":215,"column":6},"end":{"line":217,"column":7}},"70":{"start":{"line":216,"column":8},"end":{"line":216,"column":27}},"71":{"start":{"line":219,"column":6},"end":{"line":219,"column":46}},"72":{"start":{"line":228,"column":4},"end":{"line":241,"column":18}},"73":{"start":{"line":229,"column":19},"end":{"line":232,"column":8}},"74":{"start":{"line":234,"column":19},"end":{"line":234,"column":49}},"75":{"start":{"line":236,"column":6},"end":{"line":238,"column":7}},"76":{"start":{"line":237,"column":8},"end":{"line":237,"column":27}},"77":{"start":{"line":240,"column":6},"end":{"line":240,"column":46}},"78":{"start":{"line":245,"column":0},"end":{"line":245,"column":35}}},"fnMap":{"0":{"name":"(anonymous_0)","decl":{"start":{"line":12,"column":2},"end":{"line":12,"column":3}},"loc":{"start":{"line":12,"column":16},"end":{"line":29,"column":3}},"line":12},"1":{"name":"(anonymous_1)","decl":{"start":{"line":38,"column":2},"end":{"line":38,"column":3}},"loc":{"start":{"line":38,"column":56},"end":{"line":79,"column":3}},"line":38},"2":{"name":"(anonymous_2)","decl":{"start":{"line":85,"column":2},"end":{"line":85,"column":3}},"loc":{"start":{"line":85,"column":29},"end":{"line":88,"column":3}},"line":85},"3":{"name":"(anonymous_3)","decl":{"start":{"line":94,"column":2},"end":{"line":94,"column":3}},"loc":{"start":{"line":94,"column":60},"end":{"line":118,"column":3}},"line":94},"4":{"name":"(anonymous_4)","decl":{"start":{"line":124,"column":2},"end":{"line":124,"column":3}},"loc":{"start":{"line":124,"column":57},"end":{"line":178,"column":3}},"line":124},"5":{"name":"(anonymous_5)","decl":{"start":{"line":184,"column":2},"end":{"line":184,"column":3}},"loc":{"start":{"line":184,"column":34},"end":{"line":221,"column":3}},"line":184},"6":{"name":"(anonymous_6)","decl":{"start":{"line":191,"column":26},"end":{"line":191,"column":27}},"loc":{"start":{"line":191,"column":33},"end":{"line":201,"column":7}},"line":191},"7":{"name":"(anonymous_7)","decl":{"start":{"line":205,"column":24},"end":{"line":205,"column":25}},"loc":{"start":{"line":205,"column":31},"end":{"line":220,"column":5}},"line":205},"8":{"name":"(anonymous_8)","decl":{"start":{"line":227,"column":2},"end":{"line":227,"column":3}},"loc":{"start":{"line":227,"column":37},"end":{"line":242,"column":3}},"line":227},"9":{"name":"(anonymous_9)","decl":{"start":{"line":228,"column":24},"end":{"line":228,"column":25}},"loc":{"start":{"line":228,"column":31},"end":{"line":241,"column":5}},"line":228}},"branchMap":{"0":{"loc":{"start":{"line":38,"column":39},"end":{"line":38,"column":54}},"type":"default-arg","locations":[{"start":{"line":38,"column":52},"end":{"line":38,"column":54}}],"line":38},"1":{"loc":{"start":{"line":96,"column":4},"end":{"line":96,"column":23}},"type":"if","locations":[{"start":{"line":96,"column":4},"end":{"line":96,"column":23}},{"start":{},"end":{}}],"line":96},"2":{"loc":{"start":{"line":98,"column":20},"end":{"line":98,"column":95}},"type":"binary-expr","locations":[{"start":{"line":98,"column":20},"end":{"line":98,"column":44}},{"start":{"line":98,"column":48},"end":{"line":98,"column":95}}],"line":98},"3":{"loc":{"start":{"line":132,"column":4},"end":{"line":155,"column":5}},"type":"if","locations":[{"start":{"line":132,"column":4},"end":{"line":155,"column":5}},{"start":{},"end":{}}],"line":132},"4":{"loc":{"start":{"line":136,"column":30},"end":{"line":137,"column":86}},"type":"binary-expr","locations":[{"start":{"line":136,"column":30},"end":{"line":136,"column":62}},{"start":{"line":137,"column":29},"end":{"line":137,"column":86}}],"line":136},"5":{"loc":{"start":{"line":139,"column":6},"end":{"line":154,"column":7}},"type":"if","locations":[{"start":{"line":139,"column":6},"end":{"line":154,"column":7}},{"start":{"line":147,"column":13},"end":{"line":154,"column":7}}],"line":139},"6":{"loc":{"start":{"line":148,"column":25},"end":{"line":148,"column":110}},"type":"cond-expr","locations":[{"start":{"line":148,"column":53},"end":{"line":148,"column":93}},{"start":{"line":148,"column":96},"end":{"line":148,"column":110}}],"line":148},"7":{"loc":{"start":{"line":158,"column":4},"end":{"line":169,"column":5}},"type":"if","locations":[{"start":{"line":158,"column":4},"end":{"line":169,"column":5}},{"start":{},"end":{}}],"line":158},"8":{"loc":{"start":{"line":158,"column":8},"end":{"line":158,"column":56}},"type":"binary-expr","locations":[{"start":{"line":158,"column":8},"end":{"line":158,"column":25}},{"start":{"line":158,"column":29},"end":{"line":158,"column":56}}],"line":158},"9":{"loc":{"start":{"line":172,"column":23},"end":{"line":172,"column":74}},"type":"binary-expr","locations":[{"start":{"line":172,"column":23},"end":{"line":172,"column":38}},{"start":{"line":172,"column":42},"end":{"line":172,"column":64}},{"start":{"line":172,"column":68},"end":{"line":172,"column":74}}],"line":172},"10":{"loc":{"start":{"line":186,"column":28},"end":{"line":187,"column":71}},"type":"binary-expr","locations":[{"start":{"line":186,"column":28},"end":{"line":186,"column":47}},{"start":{"line":187,"column":27},"end":{"line":187,"column":71}}],"line":186},"11":{"loc":{"start":{"line":189,"column":4},"end":{"line":202,"column":5}},"type":"if","locations":[{"start":{"line":189,"column":4},"end":{"line":202,"column":5}},{"start":{},"end":{}}],"line":189},"12":{"loc":{"start":{"line":195,"column":8},"end":{"line":199,"column":9}},"type":"if","locations":[{"start":{"line":195,"column":8},"end":{"line":199,"column":9}},{"start":{},"end":{}}],"line":195},"13":{"loc":{"start":{"line":197,"column":23},"end":{"line":197,"column":37}},"type":"binary-expr","locations":[{"start":{"line":197,"column":23},"end":{"line":197,"column":31}},{"start":{"line":197,"column":35},"end":{"line":197,"column":37}}],"line":197},"14":{"loc":{"start":{"line":215,"column":6},"end":{"line":217,"column":7}},"type":"if","locations":[{"start":{"line":215,"column":6},"end":{"line":217,"column":7}},{"start":{},"end":{}}],"line":215},"15":{"loc":{"start":{"line":236,"column":6},"end":{"line":238,"column":7}},"type":"if","locations":[{"start":{"line":236,"column":6},"end":{"line":238,"column":7}},{"start":{},"end":{}}],"line":236}},"s":{"0":0,"1":0,"2":0,"3":0,"4":0,"5":0,"6":0,"7":0,"8":0,"9":0,"10":0,"11":0,"12":0,"13":0,"14":0,"15":0,"16":0,"17":0,"18":0,"19":0,"20":0,"21":0,"22":0,"23":0,"24":0,"25":0,"26":0,"27":0,"28":0,"29":0,"30":0,"31":0,"32":0,"33":0,"34":0,"35":0,"36":0,"37":0,"38":0,"39":0,"40":0,"41":0,"42":0,"43":0,"44":0,"45":0,"46":0,"47":0,"48":0,"49":0,"50":0,"51":0,"52":0,"53":0,"54":0,"55":0,"56":0,"57":0,"58":0,"59":0,"60":0,"61":0,"62":0,"63":0,"64":0,"65":0,"66":0,"67":0,"68":0,"69":0,"70":0,"71":0,"72":0,"73":0,"74":0,"75":0,"76":0,"77":0,"78":0},"f":{"0":0,"1":0,"2":0,"3":0,"4":0,"5":0,"6":0,"7":0,"8":0,"9":0},"b":{"0":[0],"1":[0,0],"2":[0,0],"3":[0,0],"4":[0,0],"5":[0,0],"6":[0,0],"7":[0,0],"8":[0,0],"9":[0,0,0],"10":[0,0],"11":[0,0],"12":[0,0],"13":[0,0],"14":[0,0],"15":[0,0]}}
}
