TN:
SF:src/v3/contextLoader.js
FN:10,(anonymous_0)
FN:20,(anonymous_1)
FN:75,(anonymous_2)
FN:88,(anonymous_3)
FN:111,(anonymous_4)
FN:141,(anonymous_5)
FN:165,(anonymous_6)
FN:184,(anonymous_7)
FN:193,(anonymous_8)
FNF:9
FNH:0
FNDA:0,(anonymous_0)
FNDA:0,(anonymous_1)
FNDA:0,(anonymous_2)
FNDA:0,(anonymous_3)
FNDA:0,(anonymous_4)
FNDA:0,(anonymous_5)
FNDA:0,(anonymous_6)
FNDA:0,(anonymous_7)
FNDA:0,(anonymous_8)
DA:7,0
DA:11,0
DA:25,0
DA:27,0
DA:29,0
DA:31,0
DA:36,0
DA:37,0
DA:40,0
DA:41,0
DA:43,0
DA:54,0
DA:55,0
DA:61,0
DA:63,0
DA:66,0
DA:67,0
DA:76,0
DA:78,0
DA:80,0
DA:85,0
DA:88,0
DA:99,0
DA:100,0
DA:102,0
DA:103,0
DA:112,0
DA:113,0
DA:115,0
DA:116,0
DA:123,0
DA:125,0
DA:126,0
DA:128,0
DA:129,0
DA:142,0
DA:143,0
DA:151,0
DA:153,0
DA:155,0
DA:156,0
DA:166,0
DA:167,0
DA:172,0
DA:179,0
DA:180,0
DA:185,0
DA:190,0
DA:194,0
DA:199,0
DA:203,0
LF:51
LH:0
BRDA:20,0,0,0
BRDA:22,1,0,0
BRDA:23,2,0,0
BRDA:24,3,0,0
BRDA:36,4,0,0
BRDA:36,4,1,0
BRDA:54,5,0,0
BRDA:54,5,1,0
BRDA:54,6,0,0
BRDA:54,6,1,0
BRDA:61,7,0,0
BRDA:61,7,1,0
BRDA:85,8,0,0
BRDA:85,8,1,0
BRDA:91,9,0,0
BRDA:91,9,1,0
BRDA:123,10,0,0
BRDA:123,10,1,0
BRDA:125,11,0,0
BRDA:125,11,1,0
BRDA:126,12,0,0
BRDA:126,12,1,0
BRDA:151,13,0,0
BRDA:151,13,1,0
BRDA:153,14,0,0
BRDA:153,14,1,0
BRDA:190,15,0,0
BRDA:190,15,1,0
BRDA:190,16,0,0
BRDA:190,16,1,0
BRDA:199,17,0,0
BRDA:199,17,1,0
BRDA:199,18,0,0
BRDA:199,18,1,0
BRF:34
BRH:0
end_of_record
TN:
SF:src/v3/dailyUpdatesJob.js
FN:13,(anonymous_0)
FN:33,(anonymous_1)
FN:37,(anonymous_2)
FN:42,(anonymous_3)
FN:52,(anonymous_4)
FN:65,(anonymous_5)
FN:107,(anonymous_6)
FN:150,(anonymous_7)
FN:201,(anonymous_8)
FN:240,(anonymous_9)
FN:243,(anonymous_10)
FN:252,(anonymous_11)
FN:297,(anonymous_12)
FN:311,(anonymous_13)
FN:335,(anonymous_14)
FN:340,(anonymous_15)
FNF:16
FNH:0
FNDA:0,(anonymous_0)
FNDA:0,(anonymous_1)
FNDA:0,(anonymous_2)
FNDA:0,(anonymous_3)
FNDA:0,(anonymous_4)
FNDA:0,(anonymous_5)
FNDA:0,(anonymous_6)
FNDA:0,(anonymous_7)
FNDA:0,(anonymous_8)
FNDA:0,(anonymous_9)
FNDA:0,(anonymous_10)
FNDA:0,(anonymous_11)
FNDA:0,(anonymous_12)
FNDA:0,(anonymous_13)
FNDA:0,(anonymous_14)
FNDA:0,(anonymous_15)
DA:7,0
DA:8,0
DA:9,0
DA:10,0
DA:14,0
DA:15,0
DA:17,0
DA:22,0
DA:23,0
DA:25,0
DA:26,0
DA:27,0
DA:34,0
DA:37,0
DA:38,0
DA:42,0
DA:43,0
DA:46,0
DA:53,0
DA:54,0
DA:56,0
DA:57,0
DA:59,0
DA:66,0
DA:67,0
DA:68,0
DA:71,0
DA:73,0
DA:74,0
DA:77,0
DA:80,0
DA:81,0
DA:82,0
DA:83,0
DA:87,0
DA:90,0
DA:91,0
DA:92,0
DA:94,0
DA:98,0
DA:100,0
DA:108,0
DA:109,0
DA:110,0
DA:113,0
DA:115,0
DA:116,0
DA:119,0
DA:122,0
DA:123,0
DA:124,0
DA:125,0
DA:129,0
DA:132,0
DA:133,0
DA:134,0
DA:136,0
DA:140,0
DA:142,0
DA:151,0
DA:154,0
DA:155,0
DA:158,0
DA:161,0
DA:162,0
DA:165,0
DA:172,0
DA:175,0
DA:176,0
DA:178,0
DA:184,0
DA:186,0
DA:192,0
DA:193,0
DA:202,0
DA:205,0
DA:206,0
DA:209,0
DA:212,0
DA:213,0
DA:216,0
DA:223,0
DA:225,0
DA:231,0
DA:232,0
DA:241,0
DA:243,0
DA:244,0
DA:248,0
DA:252,0
DA:253,0
DA:257,0
DA:258,0
DA:260,0
DA:261,0
DA:264,0
DA:265,0
DA:268,0
DA:271,0
DA:272,0
DA:279,0
DA:280,0
DA:283,0
DA:285,0
DA:288,0
DA:289,0
DA:298,0
DA:299,0
DA:300,0
DA:302,0
DA:303,0
DA:312,0
DA:313,0
DA:316,0
DA:317,0
DA:318,0
DA:319,0
DA:321,0
DA:322,0
DA:323,0
DA:324,0
DA:325,0
DA:326,0
DA:327,0
DA:328,0
DA:329,0
DA:336,0
DA:337,0
DA:341,0
DA:342,0
DA:346,0
LF:131
LH:0
BRDA:53,0,0,0
BRDA:53,0,1,0
BRDA:56,1,0,0
BRDA:56,1,1,0
BRDA:66,2,0,0
BRDA:66,2,1,0
BRDA:80,3,0,0
BRDA:80,3,1,0
BRDA:80,4,0,0
BRDA:80,4,1,0
BRDA:90,5,0,0
BRDA:90,5,1,0
BRDA:90,6,0,0
BRDA:90,6,1,0
BRDA:108,7,0,0
BRDA:108,7,1,0
BRDA:122,8,0,0
BRDA:122,8,1,0
BRDA:132,9,0,0
BRDA:132,9,1,0
BRDA:132,10,0,0
BRDA:132,10,1,0
BRDA:161,11,0,0
BRDA:161,11,1,0
BRDA:172,12,0,0
BRDA:172,12,1,0
BRDA:184,13,0,0
BRDA:184,13,1,0
BRDA:187,14,0,0
BRDA:187,14,1,0
BRDA:188,15,0,0
BRDA:188,15,1,0
BRDA:212,16,0,0
BRDA:212,16,1,0
BRDA:223,17,0,0
BRDA:223,17,1,0
BRDA:226,18,0,0
BRDA:226,18,1,0
BRDA:253,19,0,0
BRDA:253,19,1,0
BRDA:260,20,0,0
BRDA:260,20,1,0
BRDA:264,21,0,0
BRDA:264,21,1,0
BRDA:313,22,0,0
BRDA:313,22,1,0
BRF:46
BRH:0
end_of_record
TN:
SF:src/v3/hourlyNotesJob.js
FN:14,(anonymous_0)
FN:30,(anonymous_1)
FN:34,(anonymous_2)
FN:44,(anonymous_3)
FN:54,(anonymous_4)
FN:88,(anonymous_5)
FN:103,(anonymous_6)
FN:111,(anonymous_7)
FN:135,(anonymous_8)
FN:168,(anonymous_9)
FN:169,(anonymous_10)
FNF:11
FNH:0
FNDA:0,(anonymous_0)
FNDA:0,(anonymous_1)
FNDA:0,(anonymous_2)
FNDA:0,(anonymous_3)
FNDA:0,(anonymous_4)
FNDA:0,(anonymous_5)
FNDA:0,(anonymous_6)
FNDA:0,(anonymous_7)
FNDA:0,(anonymous_8)
FNDA:0,(anonymous_9)
FNDA:0,(anonymous_10)
DA:8,0
DA:9,0
DA:10,0
DA:11,0
DA:15,0
DA:16,0
DA:18,0
DA:22,0
DA:23,0
DA:24,0
DA:31,0
DA:34,0
DA:35,0
DA:38,0
DA:45,0
DA:46,0
DA:47,0
DA:55,0
DA:56,0
DA:57,0
DA:60,0
DA:62,0
DA:63,0
DA:66,0
DA:68,0
DA:71,0
DA:72,0
DA:75,0
DA:78,0
DA:80,0
DA:89,0
DA:90,0
DA:92,0
DA:97,0
DA:98,0
DA:99,0
DA:103,0
DA:104,0
DA:112,0
DA:113,0
DA:114,0
DA:115,0
DA:118,0
DA:124,0
DA:125,0
DA:126,0
DA:129,0
DA:132,0
DA:135,0
DA:138,0
DA:140,0
DA:153,0
DA:154,0
DA:156,0
DA:160,0
DA:169,0
DA:170,0
DA:171,0
DA:174,0
DA:195,0
DA:196,0
DA:203,0
DA:205,0
DA:212,0
DA:213,0
DA:222,0
LF:66
LH:0
BRDA:45,0,0,0
BRDA:45,0,1,0
BRDA:55,1,0,0
BRDA:55,1,1,0
BRDA:97,2,0,0
BRDA:97,2,1,0
BRDA:124,3,0,0
BRDA:124,3,1,0
BRDA:153,4,0,0
BRDA:153,4,1,0
BRDA:206,5,0,0
BRDA:206,5,1,0
BRDA:207,6,0,0
BRDA:207,6,1,0
BRDA:208,7,0,0
BRDA:208,7,1,0
BRF:16
BRH:0
end_of_record
TN:
SF:src/v3/knowledgeCompiler.js
FN:13,(anonymous_0)
FN:30,(anonymous_1)
FN:34,(anonymous_2)
FN:44,(anonymous_3)
FN:54,(anonymous_4)
FN:110,(anonymous_5)
FN:132,(anonymous_6)
FN:155,(anonymous_7)
FN:175,(anonymous_8)
FN:176,(anonymous_9)
FN:186,(anonymous_10)
FN:246,(anonymous_11)
FN:252,(anonymous_12)
FN:260,(anonymous_13)
FN:293,(anonymous_14)
FN:331,(anonymous_15)
FN:375,(anonymous_16)
FN:377,(anonymous_17)
FN:377,(anonymous_18)
FN:385,(anonymous_19)
FN:407,(anonymous_20)
FN:430,(anonymous_21)
FNF:22
FNH:0
FNDA:0,(anonymous_0)
FNDA:0,(anonymous_1)
FNDA:0,(anonymous_2)
FNDA:0,(anonymous_3)
FNDA:0,(anonymous_4)
FNDA:0,(anonymous_5)
FNDA:0,(anonymous_6)
FNDA:0,(anonymous_7)
FNDA:0,(anonymous_8)
FNDA:0,(anonymous_9)
FNDA:0,(anonymous_10)
FNDA:0,(anonymous_11)
FNDA:0,(anonymous_12)
FNDA:0,(anonymous_13)
FNDA:0,(anonymous_14)
FNDA:0,(anonymous_15)
FNDA:0,(anonymous_16)
FNDA:0,(anonymous_17)
FNDA:0,(anonymous_18)
FNDA:0,(anonymous_19)
FNDA:0,(anonymous_20)
FNDA:0,(anonymous_21)
DA:7,0
DA:8,0
DA:9,0
DA:10,0
DA:14,0
DA:16,0
DA:21,0
DA:22,0
DA:23,0
DA:24,0
DA:31,0
DA:34,0
DA:35,0
DA:38,0
DA:45,0
DA:46,0
DA:47,0
DA:55,0
DA:56,0
DA:57,0
DA:60,0
DA:62,0
DA:63,0
DA:66,0
DA:67,0
DA:69,0
DA:70,0
DA:71,0
DA:72,0
DA:75,0
DA:78,0
DA:79,0
DA:82,0
DA:84,0
DA:85,0
DA:86,0
DA:87,0
DA:88,0
DA:92,0
DA:95,0
DA:97,0
DA:100,0
DA:102,0
DA:113,0
DA:116,0
DA:117,0
DA:118,0
DA:121,0
DA:122,0
DA:123,0
DA:125,0
DA:133,0
DA:134,0
DA:142,0
DA:144,0
DA:146,0
DA:147,0
DA:156,0
DA:157,0
DA:162,0
DA:164,0
DA:166,0
DA:167,0
DA:176,0
DA:177,0
DA:183,0
DA:186,0
DA:187,0
DA:191,0
DA:201,0
DA:202,0
DA:203,0
DA:205,0
DA:218,0
DA:221,0
DA:224,0
DA:226,0
DA:229,0
DA:231,0
DA:232,0
DA:234,0
DA:237,0
DA:238,0
DA:247,0
DA:248,0
DA:249,0
DA:252,0
DA:253,0
DA:254,0
DA:256,0
DA:257,0
DA:260,0
DA:261,0
DA:263,0
DA:266,0
DA:267,0
DA:268,0
DA:269,0
DA:270,0
DA:271,0
DA:272,0
DA:273,0
DA:274,0
DA:275,0
DA:276,0
DA:278,0
DA:279,0
DA:282,0
DA:286,0
DA:294,0
DA:296,0
DA:302,0
DA:304,0
DA:307,0
DA:317,0
DA:318,0
DA:320,0
DA:323,0
DA:332,0
DA:334,0
DA:340,0
DA:341,0
DA:342,0
DA:346,0
DA:347,0
DA:348,0
DA:349,0
DA:352,0
DA:360,0
DA:361,0
DA:363,0
DA:367,0
DA:376,0
DA:377,0
DA:378,0
DA:386,0
DA:387,0
DA:395,0
DA:396,0
DA:399,0
DA:408,0
DA:409,0
DA:412,0
DA:413,0
DA:414,0
DA:415,0
DA:417,0
DA:418,0
DA:419,0
DA:420,0
DA:421,0
DA:422,0
DA:423,0
DA:424,0
DA:431,0
DA:433,0
DA:434,0
DA:436,0
DA:437,0
DA:438,0
DA:441,0
DA:442,0
DA:444,0
DA:446,0
DA:447,0
DA:450,0
DA:454,0
LF:167
LH:0
BRDA:45,0,0,0
BRDA:45,0,1,0
BRDA:55,1,0,0
BRDA:55,1,1,0
BRDA:69,2,0,0
BRDA:69,2,1,0
BRDA:84,3,0,0
BRDA:84,3,1,0
BRDA:84,4,0,0
BRDA:84,4,1,0
BRDA:142,5,0,0
BRDA:142,5,1,0
BRDA:144,6,0,0
BRDA:144,6,1,0
BRDA:162,7,0,0
BRDA:162,7,1,0
BRDA:164,8,0,0
BRDA:164,8,1,0
BRDA:187,9,0,0
BRDA:187,9,1,0
BRDA:253,10,0,0
BRDA:253,10,1,0
BRDA:268,11,0,0
BRDA:268,11,1,0
BRDA:271,12,0,0
BRDA:271,12,1,0
BRDA:274,13,0,0
BRDA:274,13,1,0
BRDA:302,14,0,0
BRDA:302,14,1,0
BRDA:304,15,0,0
BRDA:304,15,1,0
BRDA:304,16,0,0
BRDA:304,16,1,0
BRDA:314,17,0,0
BRDA:314,17,1,0
BRDA:317,18,0,0
BRDA:317,18,1,0
BRDA:340,19,0,0
BRDA:340,19,1,0
BRDA:340,20,0,0
BRDA:340,20,1,0
BRDA:347,21,0,0
BRDA:347,21,1,0
BRDA:348,22,0,0
BRDA:348,22,1,0
BRDA:360,23,0,0
BRDA:360,23,1,0
BRDA:395,24,0,0
BRDA:395,24,1,0
BRDA:409,25,0,0
BRDA:409,25,1,0
BRDA:436,26,0,0
BRDA:436,26,1,0
BRF:54
BRH:0
end_of_record
TN:
SF:src/v3/mentionDetector.js
FN:8,(anonymous_0)
FN:31,(anonymous_1)
FN:51,(anonymous_2)
FN:62,(anonymous_3)
FNF:4
FNH:0
FNDA:0,(anonymous_0)
FNDA:0,(anonymous_1)
FNDA:0,(anonymous_2)
FNDA:0,(anonymous_3)
DA:10,0
DA:13,0
DA:32,0
DA:33,0
DA:37,0
DA:38,0
DA:39,0
DA:43,0
DA:54,0
DA:64,0
DA:65,0
DA:69,0
DA:71,0
DA:72,0
DA:77,0
DA:81,0
LF:16
LH:0
BRDA:32,0,0,0
BRDA:32,0,1,0
BRDA:32,1,0,0
BRDA:32,1,1,0
BRDA:38,2,0,0
BRDA:38,2,1,0
BRDA:54,3,0,0
BRDA:54,3,1,0
BRDA:64,4,0,0
BRDA:64,4,1,0
BRDA:69,5,0,0
BRDA:69,5,1,0
BRDA:69,6,0,0
BRDA:69,6,1,0
BRDA:69,6,2,0
BRDA:71,7,0,0
BRDA:71,7,1,0
BRF:17
BRH:0
end_of_record
TN:
SF:src/v3/messageHandler.js
FN:14,(anonymous_0)
FN:33,(anonymous_1)
FN:103,(anonymous_2)
FN:176,(anonymous_3)
FN:202,(anonymous_4)
FN:216,(anonymous_5)
FN:231,(anonymous_6)
FNF:7
FNH:0
FNDA:0,(anonymous_0)
FNDA:0,(anonymous_1)
FNDA:0,(anonymous_2)
FNDA:0,(anonymous_3)
FNDA:0,(anonymous_4)
FNDA:0,(anonymous_5)
FNDA:0,(anonymous_6)
DA:7,0
DA:8,0
DA:9,0
DA:10,0
DA:11,0
DA:15,0
DA:16,0
DA:17,0
DA:18,0
DA:21,0
DA:34,0
DA:35,0
DA:36,0
DA:37,0
DA:39,0
DA:42,0
DA:44,0
DA:45,0
DA:46,0
DA:50,0
DA:51,0
DA:52,0
DA:56,0
DA:58,0
DA:59,0
DA:60,0
DA:63,0
DA:66,0
DA:67,0
DA:74,0
DA:83,0
DA:85,0
DA:91,0
DA:92,0
DA:104,0
DA:105,0
DA:106,0
DA:107,0
DA:108,0
DA:109,0
DA:110,0
DA:113,0
DA:116,0
DA:117,0
DA:120,0
DA:121,0
DA:124,0
DA:125,0
DA:126,0
DA:128,0
DA:129,0
DA:132,0
DA:136,0
DA:150,0
DA:156,0
DA:157,0
DA:158,0
DA:161,0
DA:162,0
DA:165,0
DA:166,0
DA:177,0
DA:178,0
DA:179,0
DA:181,0
DA:187,0
DA:189,0
DA:191,0
DA:192,0
DA:203,0
DA:204,0
DA:205,0
DA:207,0
DA:213,0
DA:216,0
DA:217,0
DA:220,0
DA:221,0
DA:232,0
DA:234,0
DA:235,0
DA:237,0
DA:238,0
DA:239,0
DA:243,0
DA:244,0
DA:245,0
DA:246,0
DA:250,0
DA:253,0
DA:254,0
DA:255,0
DA:256,0
DA:260,0
DA:261,0
DA:263,0
DA:264,0
DA:266,0
DA:267,0
DA:268,0
DA:272,0
DA:273,0
DA:277,0
DA:278,0
DA:281,0
DA:282,0
DA:287,0
LF:107
LH:0
BRDA:33,0,0,0
BRDA:37,1,0,0
BRDA:37,1,1,0
BRDA:44,2,0,0
BRDA:44,2,1,0
BRDA:50,3,0,0
BRDA:50,3,1,0
BRDA:58,4,0,0
BRDA:58,4,1,0
BRDA:78,5,0,0
BRDA:78,5,1,0
BRDA:79,6,0,0
BRDA:79,6,1,0
BRDA:106,7,0,0
BRDA:106,7,1,0
BRDA:107,8,0,0
BRDA:107,8,1,0
BRDA:107,8,2,0
BRDA:108,9,0,0
BRDA:108,9,1,0
BRDA:116,10,0,0
BRDA:116,10,1,0
BRDA:117,11,0,0
BRDA:117,11,1,0
BRDA:117,12,0,0
BRDA:117,12,1,0
BRDA:120,13,0,0
BRDA:120,13,1,0
BRDA:121,14,0,0
BRDA:121,14,1,0
BRDA:124,15,0,0
BRDA:124,15,1,0
BRDA:124,16,0,0
BRDA:124,16,1,0
BRDA:126,17,0,0
BRDA:126,17,1,0
BRDA:128,18,0,0
BRDA:128,18,1,0
BRDA:129,19,0,0
BRDA:129,19,1,0
BRDA:156,20,0,0
BRDA:156,20,1,0
BRDA:176,21,0,0
BRDA:187,22,0,0
BRDA:187,22,1,0
BRDA:189,23,0,0
BRDA:189,23,1,0
BRDA:202,24,0,0
BRDA:213,25,0,0
BRDA:213,25,1,0
BRDA:237,26,0,0
BRDA:237,26,1,0
BRDA:237,27,0,0
BRDA:237,27,1,0
BRDA:243,28,0,0
BRDA:243,28,1,0
BRDA:244,29,0,0
BRDA:244,29,1,0
BRDA:254,30,0,0
BRDA:254,30,1,0
BRDA:256,31,0,0
BRDA:256,31,1,0
BRDA:266,32,0,0
BRDA:266,32,1,0
BRDA:266,33,0,0
BRDA:266,33,1,0
BRDA:268,34,0,0
BRDA:268,34,1,0
BRDA:273,35,0,0
BRDA:273,35,1,0
BRDA:278,36,0,0
BRDA:278,36,1,0
BRF:72
BRH:0
end_of_record
TN:
SF:src/v3/responseGenerator.js
FN:12,(anonymous_0)
FN:38,(anonymous_1)
FN:85,(anonymous_2)
FN:94,(anonymous_3)
FN:124,(anonymous_4)
FN:184,(anonymous_5)
FN:191,(anonymous_6)
FN:205,(anonymous_7)
FN:227,(anonymous_8)
FN:228,(anonymous_9)
FNF:10
FNH:0
FNDA:0,(anonymous_0)
FNDA:0,(anonymous_1)
FNDA:0,(anonymous_2)
FNDA:0,(anonymous_3)
FNDA:0,(anonymous_4)
FNDA:0,(anonymous_5)
FNDA:0,(anonymous_6)
FNDA:0,(anonymous_7)
FNDA:0,(anonymous_8)
FNDA:0,(anonymous_9)
DA:7,0
DA:8,0
DA:9,0
DA:13,0
DA:18,0
DA:19,0
DA:22,0
DA:39,0
DA:40,0
DA:43,0
DA:46,0
DA:47,0
DA:49,0
DA:52,0
DA:53,0
DA:63,0
DA:64,0
DA:67,0
DA:69,0
DA:71,0
DA:74,0
DA:77,0
DA:87,0
DA:95,0
DA:96,0
DA:98,0
DA:101,0
DA:102,0
DA:103,0
DA:105,0
DA:106,0
DA:107,0
DA:109,0
DA:110,0
DA:111,0
DA:112,0
DA:113,0
DA:114,0
DA:115,0
DA:116,0
DA:117,0
DA:126,0
DA:129,0
DA:132,0
DA:133,0
DA:136,0
DA:139,0
DA:140,0
DA:148,0
DA:149,0
DA:158,0
DA:159,0
DA:160,0
DA:172,0
DA:173,0
DA:177,0
DA:186,0
DA:189,0
DA:191,0
DA:194,0
DA:195,0
DA:196,0
DA:197,0
DA:198,0
DA:200,0
DA:205,0
DA:206,0
DA:213,0
DA:215,0
DA:216,0
DA:219,0
DA:228,0
DA:229,0
DA:234,0
DA:236,0
DA:237,0
DA:240,0
DA:245,0
LF:78
LH:0
BRDA:38,0,0,0
BRDA:96,1,0,0
BRDA:96,1,1,0
BRDA:98,2,0,0
BRDA:98,2,1,0
BRDA:132,3,0,0
BRDA:132,3,1,0
BRDA:136,4,0,0
BRDA:136,4,1,0
BRDA:139,5,0,0
BRDA:139,5,1,0
BRDA:148,6,0,0
BRDA:148,6,1,0
BRDA:158,7,0,0
BRDA:158,7,1,0
BRDA:158,8,0,0
BRDA:158,8,1,0
BRDA:172,9,0,0
BRDA:172,9,1,0
BRDA:172,9,2,0
BRDA:186,10,0,0
BRDA:186,10,1,0
BRDA:189,11,0,0
BRDA:189,11,1,0
BRDA:195,12,0,0
BRDA:195,12,1,0
BRDA:197,13,0,0
BRDA:197,13,1,0
BRDA:215,14,0,0
BRDA:215,14,1,0
BRDA:236,15,0,0
BRDA:236,15,1,0
BRF:32
BRH:0
end_of_record
